[Mon Dec 02 22:31:13.207778 2013] [access_compat:error] [pid 7572:tid 1824] [client ::1:57945] AH01797: client denied by server configuration: D:/xampp/apache/error/HTTP_NOT_FOUND.html.var
[Mon Dec 02 22:52:26.171053 2013] [access_compat:error] [pid 7572:tid 1836] [client ::1:58531] AH01797: client denied by server configuration: D:/xampp/apache/error/HTTP_NOT_FOUND.html.var, referer: http://localhost:8000/manager/install/
[Mon Dec 02 22:52:26.171053 2013] [access_compat:error] [pid 7572:tid 1824] [client ::1:58532] AH01797: client denied by server configuration: D:/xampp/apache/error/HTTP_NOT_FOUND.html.var, referer: http://localhost:8000/manager/install/
[Mon Dec 02 22:52:28.259449 2013] [access_compat:error] [pid 7572:tid 1836] [client ::1:58531] AH01797: client denied by server configuration: D:/xampp/apache/error/HTTP_NOT_FOUND.html.var, referer: http://localhost:8000/manager/install/
[Mon Dec 02 22:52:32.905550 2013] [access_compat:error] [pid 7572:tid 1824] [client ::1:58533] AH01797: client denied by server configuration: D:/xampp/apache/error/HTTP_NOT_FOUND.html.var, referer: http://localhost:8000/manager/install/check.php
[Mon Dec 02 22:52:35.650384 2013] [access_compat:error] [pid 7572:tid 1836] [client ::1:58531] AH01797: client denied by server configuration: D:/xampp/apache/error/HTTP_NOT_FOUND.html.var, referer: http://localhost:8000/manager/install/encoding.php
[Mon Dec 02 22:52:35.660392 2013] [access_compat:error] [pid 7572:tid 1836] [client ::1:58531] AH01797: client denied by server configuration: D:/xampp/apache/error/HTTP_NOT_FOUND.html.var, referer: http://localhost:8000/manager/install/encoding.php
[Mon Dec 02 22:52:36.759126 2013] [access_compat:error] [pid 7572:tid 1836] [client ::1:58531] AH01797: client denied by server configuration: D:/xampp/apache/error/HTTP_NOT_FOUND.html.var, referer: http://localhost:8000/manager/install/encoding.php
[Mon Dec 02 22:52:38.457259 2013] [access_compat:error] [pid 7572:tid 1836] [client ::1:58531] AH01797: client denied by server configuration: D:/xampp/apache/error/HTTP_NOT_FOUND.html.var, referer: http://localhost:8000/manager/install/dbinfo.php
[Mon Dec 02 22:52:38.457259 2013] [access_compat:error] [pid 7572:tid 1824] [client ::1:58536] AH01797: client denied by server configuration: D:/xampp/apache/error/HTTP_NOT_FOUND.html.var, referer: http://localhost:8000/manager/install/dbinfo.php
[Mon Dec 02 22:52:48.822183 2013] [access_compat:error] [pid 7572:tid 1824] [client ::1:58539] AH01797: client denied by server configuration: D:/xampp/apache/error/HTTP_NOT_FOUND.html.var, referer: http://localhost:8000/manager/install/dbinfo.php
[Mon Dec 02 22:52:52.702774 2013] [access_compat:error] [pid 7572:tid 1824] [client ::1:58539] AH01797: client denied by server configuration: D:/xampp/apache/error/HTTP_NOT_FOUND.html.var, referer: http://localhost:8000/manager/install/dbinfo.php
[Mon Dec 02 22:52:52.702774 2013] [access_compat:error] [pid 7572:tid 1836] [client ::1:58542] AH01797: client denied by server configuration: D:/xampp/apache/error/HTTP_NOT_FOUND.html.var, referer: http://localhost:8000/manager/install/dbinfo.php
[Mon Dec 02 22:53:12.357771 2013] [access_compat:error] [pid 7572:tid 1808] [client ::1:58567] AH01797: client denied by server configuration: D:/xampp/apache/error/HTTP_NOT_FOUND.html.var, referer: http://localhost:8000/manager/install/dbinfo.php
[Mon Dec 02 22:53:14.023886 2013] [access_compat:error] [pid 7572:tid 1808] [client ::1:58567] AH01797: client denied by server configuration: D:/xampp/apache/error/HTTP_NOT_FOUND.html.var, referer: http://localhost:8000/manager/install/dbinfo.php
[Mon Dec 02 22:53:14.023886 2013] [access_compat:error] [pid 7572:tid 1836] [client ::1:58572] AH01797: client denied by server configuration: D:/xampp/apache/error/HTTP_NOT_FOUND.html.var, referer: http://localhost:8000/manager/install/dbinfo.php
[Mon Dec 02 22:53:14.067915 2013] [access_compat:error] [pid 7572:tid 1808] [client ::1:58567] AH01797: client denied by server configuration: D:/xampp/apache/error/HTTP_NOT_FOUND.html.var, referer: http://localhost:8000/manager/install/dbinfo.php
[Mon Dec 02 22:54:23.288151 2013] [access_compat:error] [pid 7572:tid 1836] [client ::1:58653] AH01797: client denied by server configuration: D:/xampp/apache/error/HTTP_NOT_FOUND.html.var, referer: http://localhost:8000/manager/install/dbinfo.php
[Mon Dec 02 22:54:23.301158 2013] [access_compat:error] [pid 7572:tid 1836] [client ::1:58653] AH01797: client denied by server configuration: D:/xampp/apache/error/HTTP_NOT_FOUND.html.var, referer: http://localhost:8000/manager/install/dbinfo.php
[Mon Dec 02 22:54:23.342186 2013] [access_compat:error] [pid 7572:tid 1836] [client ::1:58653] AH01797: client denied by server configuration: D:/xampp/apache/error/HTTP_NOT_FOUND.html.var, referer: http://localhost:8000/manager/install/dbinfo.php
[Mon Dec 02 23:00:08.117478 2013] [access_compat:error] [pid 7572:tid 1836] [client ::1:58741] AH01797: client denied by server configuration: D:/xampp/apache/error/HTTP_NOT_FOUND.html.var, referer: http://localhost:8000/manager/install/dbinstall.php
[Mon Dec 02 23:04:50.731251 2013] [access_compat:error] [pid 7572:tid 1852] [client ::1:59010] AH01797: client denied by server configuration: D:/xampp/apache/error/HTTP_NOT_FOUND.html.var, referer: http://localhost:8000/manager/install/dbinfo.php
[Mon Dec 02 23:04:50.732251 2013] [access_compat:error] [pid 7572:tid 1836] [client ::1:59013] AH01797: client denied by server configuration: D:/xampp/apache/error/HTTP_NOT_FOUND.html.var, referer: http://localhost:8000/manager/install/dbinfo.php
[Mon Dec 02 23:04:55.566478 2013] [access_compat:error] [pid 7572:tid 1852] [client ::1:59010] AH01797: client denied by server configuration: D:/xampp/apache/error/HTTP_NOT_FOUND.html.var, referer: http://localhost:8000/manager/install/dbinfo.php
[Mon Dec 02 23:04:58.882693 2013] [access_compat:error] [pid 7572:tid 1852] [client ::1:59010] AH01797: client denied by server configuration: D:/xampp/apache/error/HTTP_NOT_FOUND.html.var, referer: http://localhost:8000/manager/install/dbinstall.php
[Mon Dec 02 23:12:15.278183 2013] [access_compat:error] [pid 7572:tid 1808] [client ::1:59292] AH01797: client denied by server configuration: D:/xampp/apache/error/HTTP_NOT_FOUND.html.var, referer: http://localhost:8000/manager/install/dbinfo.php
[Mon Dec 02 23:12:15.278183 2013] [access_compat:error] [pid 7572:tid 1836] [client ::1:59295] AH01797: client denied by server configuration: D:/xampp/apache/error/HTTP_NOT_FOUND.html.var, referer: http://localhost:8000/manager/install/dbinfo.php
[Mon Dec 02 23:12:19.923288 2013] [access_compat:error] [pid 7572:tid 1808] [client ::1:59292] AH01797: client denied by server configuration: D:/xampp/apache/error/HTTP_NOT_FOUND.html.var, referer: http://localhost:8000/manager/install/dbinfo.php
[Mon Dec 02 23:12:23.201477 2013] [access_compat:error] [pid 7572:tid 1808] [client ::1:59292] AH01797: client denied by server configuration: D:/xampp/apache/error/HTTP_NOT_FOUND.html.var, referer: http://localhost:8000/manager/install/dbinstall.php
[Mon Dec 02 23:17:46.726574 2013] [access_compat:error] [pid 7572:tid 1808] [client ::1:59447] AH01797: client denied by server configuration: D:/xampp/apache/error/HTTP_NOT_FOUND.html.var, referer: http://localhost:8000/manager/install/dbinfo.php
[Mon Dec 02 23:17:46.726574 2013] [access_compat:error] [pid 7572:tid 1856] [client ::1:59450] AH01797: client denied by server configuration: D:/xampp/apache/error/HTTP_NOT_FOUND.html.var, referer: http://localhost:8000/manager/install/dbinfo.php
[Mon Dec 02 23:17:51.534786 2013] [access_compat:error] [pid 7572:tid 1808] [client ::1:59447] AH01797: client denied by server configuration: D:/xampp/apache/error/HTTP_NOT_FOUND.html.var, referer: http://localhost:8000/manager/install/dbinstall.php
[Mon Dec 02 23:26:21.145179 2013] [access_compat:error] [pid 7572:tid 1844] [client ::1:59635] AH01797: client denied by server configuration: D:/xampp/apache/error/HTTP_NOT_FOUND.html.var, referer: http://localhost:8000/manager/install/dbinstall.php
[Mon Dec 02 23:26:40.487100 2013] [access_compat:error] [pid 7572:tid 1856] [client ::1:59659] AH01797: client denied by server configuration: D:/xampp/apache/error/HTTP_NOT_FOUND.html.var, referer: http://localhost:8000/manager/install/dbinfo.php
[Mon Dec 02 23:26:40.488101 2013] [access_compat:error] [pid 7572:tid 1824] [client ::1:59662] AH01797: client denied by server configuration: D:/xampp/apache/error/HTTP_NOT_FOUND.html.var, referer: http://localhost:8000/manager/install/dbinfo.php
[Mon Dec 02 23:26:45.802649 2013] [access_compat:error] [pid 7572:tid 1824] [client ::1:59665] AH01797: client denied by server configuration: D:/xampp/apache/error/HTTP_NOT_FOUND.html.var, referer: http://localhost:8000/manager/install/dbinfo.php
[Mon Dec 02 23:26:48.634542 2013] [access_compat:error] [pid 7572:tid 1824] [client ::1:59665] AH01797: client denied by server configuration: D:/xampp/apache/error/HTTP_NOT_FOUND.html.var, referer: http://localhost:8000/manager/install/dbinstall.php
[Mon Dec 02 23:26:56.889056 2013] [access_compat:error] [pid 7572:tid 1824] [client ::1:59672] AH01797: client denied by server configuration: D:/xampp/apache/error/HTTP_NOT_FOUND.html.var, referer: http://localhost:8000/manager/install/dbinfo.php
[Mon Dec 02 23:26:56.889056 2013] [access_compat:error] [pid 7572:tid 1856] [client ::1:59675] AH01797: client denied by server configuration: D:/xampp/apache/error/HTTP_NOT_FOUND.html.var, referer: http://localhost:8000/manager/install/dbinfo.php
[Mon Dec 02 23:27:13.004819 2013] [access_compat:error] [pid 7572:tid 1824] [client ::1:59682] AH01797: client denied by server configuration: D:/xampp/apache/error/HTTP_NOT_FOUND.html.var, referer: http://localhost:8000/manager/install/
[Mon Dec 02 23:27:13.004819 2013] [access_compat:error] [pid 7572:tid 1856] [client ::1:59683] AH01797: client denied by server configuration: D:/xampp/apache/error/HTTP_NOT_FOUND.html.var, referer: http://localhost:8000/manager/install/
[Mon Dec 02 23:27:14.252652 2013] [access_compat:error] [pid 7572:tid 1824] [client ::1:59682] AH01797: client denied by server configuration: D:/xampp/apache/error/HTTP_NOT_FOUND.html.var, referer: http://localhost:8000/manager/install/
[Mon Dec 02 23:27:15.299353 2013] [access_compat:error] [pid 7572:tid 1824] [client ::1:59682] AH01797: client denied by server configuration: D:/xampp/apache/error/HTTP_NOT_FOUND.html.var, referer: http://localhost:8000/manager/install/check.php
[Mon Dec 02 23:27:18.074205 2013] [access_compat:error] [pid 7572:tid 1824] [client ::1:59682] AH01797: client denied by server configuration: D:/xampp/apache/error/HTTP_NOT_FOUND.html.var, referer: http://localhost:8000/manager/install/encoding.php
[Mon Dec 02 23:27:18.074205 2013] [access_compat:error] [pid 7572:tid 1856] [client ::1:59686] AH01797: client denied by server configuration: D:/xampp/apache/error/HTTP_NOT_FOUND.html.var, referer: http://localhost:8000/manager/install/encoding.php
[Mon Dec 02 23:27:19.865401 2013] [access_compat:error] [pid 7572:tid 1824] [client ::1:59682] AH01797: client denied by server configuration: D:/xampp/apache/error/HTTP_NOT_FOUND.html.var, referer: http://localhost:8000/manager/install/encoding.php
[Mon Dec 02 23:27:20.211633 2013] [access_compat:error] [pid 7572:tid 1856] [client ::1:59686] AH01797: client denied by server configuration: D:/xampp/apache/error/HTTP_NOT_FOUND.html.var, referer: http://localhost:8000/manager/install/dbinfo.php
[Mon Dec 02 23:27:20.211633 2013] [access_compat:error] [pid 7572:tid 1824] [client ::1:59682] AH01797: client denied by server configuration: D:/xampp/apache/error/HTTP_NOT_FOUND.html.var, referer: http://localhost:8000/manager/install/dbinfo.php
[Mon Dec 02 23:27:25.358071 2013] [access_compat:error] [pid 7572:tid 1856] [client ::1:59689] AH01797: client denied by server configuration: D:/xampp/apache/error/HTTP_NOT_FOUND.html.var, referer: http://localhost:8000/manager/install/dbinfo.php
[Mon Dec 02 23:27:27.187294 2013] [access_compat:error] [pid 7572:tid 1856] [client ::1:59689] AH01797: client denied by server configuration: D:/xampp/apache/error/HTTP_NOT_FOUND.html.var, referer: http://localhost:8000/manager/install/dbinfo.php
[Mon Dec 02 23:27:27.194298 2013] [access_compat:error] [pid 7572:tid 1856] [client ::1:59689] AH01797: client denied by server configuration: D:/xampp/apache/error/HTTP_NOT_FOUND.html.var, referer: http://localhost:8000/manager/install/dbinfo.php
[Mon Dec 02 23:27:35.421793 2013] [access_compat:error] [pid 7572:tid 1856] [client ::1:59694] AH01797: client denied by server configuration: D:/xampp/apache/error/HTTP_NOT_FOUND.html.var, referer: http://localhost:8000/manager/install/dbinfo.php
[Mon Dec 02 23:27:38.095582 2013] [access_compat:error] [pid 7572:tid 1856] [client ::1:59694] AH01797: client denied by server configuration: D:/xampp/apache/error/HTTP_NOT_FOUND.html.var, referer: http://localhost:8000/manager/install/dbinstall.php
[Mon Dec 02 23:29:01.606359 2013] [access_compat:error] [pid 7572:tid 1856] [client ::1:59719] AH01797: client denied by server configuration: D:/xampp/apache/error/HTTP_NOT_FOUND.html.var, referer: http://localhost:8000/manager/install/dbinfo.php
[Mon Dec 02 23:29:01.607360 2013] [access_compat:error] [pid 7572:tid 1824] [client ::1:59722] AH01797: client denied by server configuration: D:/xampp/apache/error/HTTP_NOT_FOUND.html.var, referer: http://localhost:8000/manager/install/dbinfo.php
[Mon Dec 02 23:29:03.134384 2013] [access_compat:error] [pid 7572:tid 1856] [client ::1:59719] AH01797: client denied by server configuration: D:/xampp/apache/error/HTTP_NOT_FOUND.html.var, referer: http://localhost:8000/manager/install/dbinfo.php
[Mon Dec 02 23:29:06.359534 2013] [access_compat:error] [pid 7572:tid 1824] [client ::1:59722] AH01797: client denied by server configuration: D:/xampp/apache/error/HTTP_NOT_FOUND.html.var, referer: http://localhost:8000/manager/install/dbinfo.php
[Mon Dec 02 23:29:06.359534 2013] [access_compat:error] [pid 7572:tid 1856] [client ::1:59719] AH01797: client denied by server configuration: D:/xampp/apache/error/HTTP_NOT_FOUND.html.var, referer: http://localhost:8000/manager/install/dbinfo.php
[Mon Dec 02 23:29:11.520982 2013] [access_compat:error] [pid 7572:tid 1824] [client ::1:59725] AH01797: client denied by server configuration: D:/xampp/apache/error/HTTP_NOT_FOUND.html.var, referer: http://localhost:8000/manager/install/dbinfo.php
[Mon Dec 02 23:29:14.167749 2013] [access_compat:error] [pid 7572:tid 1824] [client ::1:59725] AH01797: client denied by server configuration: D:/xampp/apache/error/HTTP_NOT_FOUND.html.var, referer: http://localhost:8000/manager/install/dbinstall.php
[Mon Dec 02 23:29:24.984977 2013] [access_compat:error] [pid 7572:tid 1824] [client ::1:59734] AH01797: client denied by server configuration: D:/xampp/apache/error/HTTP_NOT_FOUND.html.var, referer: http://localhost:8000/manager/install/dbinfo.php
[Mon Dec 02 23:29:24.989980 2013] [access_compat:error] [pid 7572:tid 1824] [client ::1:59734] AH01797: client denied by server configuration: D:/xampp/apache/error/HTTP_NOT_FOUND.html.var, referer: http://localhost:8000/manager/install/dbinfo.php
[Mon Dec 02 23:29:28.625409 2013] [access_compat:error] [pid 7572:tid 1824] [client ::1:59734] AH01797: client denied by server configuration: D:/xampp/apache/error/HTTP_NOT_FOUND.html.var, referer: http://localhost:8000/manager/install/encoding.php
[Mon Dec 02 23:29:28.625409 2013] [access_compat:error] [pid 7572:tid 1856] [client ::1:59735] AH01797: client denied by server configuration: D:/xampp/apache/error/HTTP_NOT_FOUND.html.var, referer: http://localhost:8000/manager/install/encoding.php
[Mon Dec 02 23:29:30.170439 2013] [access_compat:error] [pid 7572:tid 1824] [client ::1:59734] AH01797: client denied by server configuration: D:/xampp/apache/error/HTTP_NOT_FOUND.html.var, referer: http://localhost:8000/manager/install/check.php
[Mon Dec 02 23:29:32.594057 2013] [access_compat:error] [pid 7572:tid 1824] [client ::1:59734] AH01797: client denied by server configuration: D:/xampp/apache/error/HTTP_NOT_FOUND.html.var, referer: http://localhost:8000/manager/install/encoding.php
[Mon Dec 02 23:29:32.595058 2013] [access_compat:error] [pid 7572:tid 1856] [client ::1:59735] AH01797: client denied by server configuration: D:/xampp/apache/error/HTTP_NOT_FOUND.html.var, referer: http://localhost:8000/manager/install/encoding.php
[Mon Dec 02 23:29:33.668776 2013] [access_compat:error] [pid 7572:tid 1824] [client ::1:59734] AH01797: client denied by server configuration: D:/xampp/apache/error/HTTP_NOT_FOUND.html.var, referer: http://localhost:8000/manager/install/encoding.php
[Mon Dec 02 23:29:34.036020 2013] [access_compat:error] [pid 7572:tid 1824] [client ::1:59734] AH01797: client denied by server configuration: D:/xampp/apache/error/HTTP_NOT_FOUND.html.var, referer: http://localhost:8000/manager/install/dbinfo.php
[Mon Dec 02 23:29:34.036020 2013] [access_compat:error] [pid 7572:tid 1856] [client ::1:59735] AH01797: client denied by server configuration: D:/xampp/apache/error/HTTP_NOT_FOUND.html.var, referer: http://localhost:8000/manager/install/dbinfo.php
[Mon Dec 02 23:29:39.084394 2013] [access_compat:error] [pid 7572:tid 1856] [client ::1:59738] AH01797: client denied by server configuration: D:/xampp/apache/error/HTTP_NOT_FOUND.html.var, referer: http://localhost:8000/manager/install/dbinfo.php
[Mon Dec 02 23:29:41.953311 2013] [access_compat:error] [pid 7572:tid 1856] [client ::1:59738] AH01797: client denied by server configuration: D:/xampp/apache/error/HTTP_NOT_FOUND.html.var, referer: http://localhost:8000/manager/install/dbinstall.php
[Mon Dec 02 23:29:45.028363 2013] [access_compat:error] [pid 7572:tid 1856] [client ::1:59738] AH01797: client denied by server configuration: D:/xampp/apache/error/HTTP_NOT_FOUND.html.var, referer: http://localhost:8000/manager/install/dbinfo.php
[Mon Dec 02 23:29:45.029363 2013] [access_compat:error] [pid 7572:tid 1824] [client ::1:59745] AH01797: client denied by server configuration: D:/xampp/apache/error/HTTP_NOT_FOUND.html.var, referer: http://localhost:8000/manager/install/dbinfo.php
[Mon Dec 02 23:29:45.641773 2013] [access_compat:error] [pid 7572:tid 1856] [client ::1:59738] AH01797: client denied by server configuration: D:/xampp/apache/error/HTTP_NOT_FOUND.html.var, referer: http://localhost:8000/manager/install/dbinfo.php
[Mon Dec 02 23:30:06.472689 2013] [access_compat:error] [pid 7572:tid 1856] [client ::1:59753] AH01797: client denied by server configuration: D:/xampp/apache/error/HTTP_NOT_FOUND.html.var, referer: http://localhost:8000/manager/install/dbinfo.php
[Mon Dec 02 23:30:06.478692 2013] [access_compat:error] [pid 7572:tid 1856] [client ::1:59753] AH01797: client denied by server configuration: D:/xampp/apache/error/HTTP_NOT_FOUND.html.var, referer: http://localhost:8000/manager/install/dbinfo.php
[Mon Dec 02 23:30:12.729867 2013] [access_compat:error] [pid 7572:tid 1856] [client ::1:59754] AH01797: client denied by server configuration: D:/xampp/apache/error/HTTP_NOT_FOUND.html.var, referer: http://localhost:8000/manager/install/dbinfo.php
[Mon Dec 02 23:31:32.954453 2013] [access_compat:error] [pid 7572:tid 1816] [client ::1:59822] AH01797: client denied by server configuration: D:/xampp/apache/error/HTTP_NOT_FOUND.html.var, referer: http://localhost:8000/manager/install/dbinstall.php
[Mon Dec 02 23:33:47.239149 2013] [access_compat:error] [pid 7572:tid 1816] [client ::1:59889] AH01797: client denied by server configuration: D:/xampp/apache/error/HTTP_NOT_FOUND.html.var, referer: http://localhost:8000/manager/install/firstuser.php
[Mon Dec 02 23:33:47.240148 2013] [access_compat:error] [pid 7572:tid 1824] [client ::1:59892] AH01797: client denied by server configuration: D:/xampp/apache/error/HTTP_NOT_FOUND.html.var, referer: http://localhost:8000/manager/install/firstuser.php
[Mon Dec 02 23:34:08.806553 2013] [access_compat:error] [pid 7572:tid 1824] [client ::1:59897] AH01797: client denied by server configuration: D:/xampp/apache/error/HTTP_NOT_FOUND.html.var, referer: http://localhost:8000/manager/install/firstuser.php
[Mon Dec 02 23:35:57.377073 2013] [access_compat:error] [pid 7572:tid 1824] [client ::1:59923] AH01797: client denied by server configuration: D:/xampp/apache/error/HTTP_NOT_FOUND.html.var, referer: http://localhost:8000/manager/install/firstuser.php
[Mon Dec 02 23:35:57.377073 2013] [access_compat:error] [pid 7572:tid 1816] [client ::1:59926] AH01797: client denied by server configuration: D:/xampp/apache/error/HTTP_NOT_FOUND.html.var, referer: http://localhost:8000/manager/install/firstuser.php
[Mon Dec 02 23:35:59.045187 2013] [access_compat:error] [pid 7572:tid 1824] [client ::1:59923] AH01797: client denied by server configuration: D:/xampp/apache/error/HTTP_NOT_FOUND.html.var, referer: http://localhost:8000/manager/install/firstuser.php
[Mon Dec 02 23:36:03.370075 2013] [access_compat:error] [pid 7572:tid 1824] [client ::1:59923] AH01797: client denied by server configuration: D:/xampp/apache/error/HTTP_NOT_FOUND.html.var, referer: http://localhost:8000/manager/install/firstuser.php
[Mon Dec 02 23:36:03.370075 2013] [access_compat:error] [pid 7572:tid 1816] [client ::1:59929] AH01797: client denied by server configuration: D:/xampp/apache/error/HTTP_NOT_FOUND.html.var, referer: http://localhost:8000/manager/install/firstuser.php
[Mon Dec 02 23:36:03.421114 2013] [access_compat:error] [pid 7572:tid 1824] [client ::1:59923] AH01797: client denied by server configuration: D:/xampp/apache/error/HTTP_NOT_FOUND.html.var, referer: http://localhost:8000/manager/install/firstuser.php
[Mon Dec 02 23:36:45.462191 2013] [access_compat:error] [pid 7572:tid 1808] [client ::1:59967] AH01797: client denied by server configuration: D:/xampp/apache/error/HTTP_NOT_FOUND.html.var, referer: http://localhost:8000/manager/install/firstuser.php
[Mon Dec 02 23:36:45.474200 2013] [access_compat:error] [pid 7572:tid 1808] [client ::1:59967] AH01797: client denied by server configuration: D:/xampp/apache/error/HTTP_NOT_FOUND.html.var, referer: http://localhost:8000/manager/install/firstuser.php
[Mon Dec 02 23:36:57.393163 2013] [access_compat:error] [pid 7572:tid 1808] [client ::1:59994] AH01797: client denied by server configuration: D:/xampp/apache/error/HTTP_NOT_FOUND.html.var, referer: http://localhost:8000/manager/install/firstuser.php
[Mon Dec 02 23:37:00.067947 2013] [access_compat:error] [pid 7572:tid 1808] [client ::1:59994] AH01797: client denied by server configuration: D:/xampp/apache/error/HTTP_NOT_FOUND.html.var, referer: http://localhost:8000/manager/install/firstwebsite.php
[Mon Dec 02 23:37:00.069949 2013] [access_compat:error] [pid 7572:tid 1800] [client ::1:59999] AH01797: client denied by server configuration: D:/xampp/apache/error/HTTP_NOT_FOUND.html.var, referer: http://localhost:8000/manager/install/firstwebsite.php
[Mon Dec 02 23:37:05.560616 2013] [access_compat:error] [pid 7572:tid 1800] [client ::1:60002] AH01797: client denied by server configuration: D:/xampp/apache/error/HTTP_NOT_FOUND.html.var, referer: http://localhost:8000/manager/install/firstwebsite.php
[Mon Dec 02 23:54:06.056254 2013] [access_compat:error] [pid 7572:tid 1800] [client ::1:60490] AH01797: client denied by server configuration: D:/xampp/apache/error/HTTP_NOT_FOUND.html.var, referer: http://localhost:8000/manager/install/firstwebsite.php
[Mon Dec 02 23:54:06.056254 2013] [access_compat:error] [pid 7572:tid 1808] [client ::1:60493] AH01797: client denied by server configuration: D:/xampp/apache/error/HTTP_NOT_FOUND.html.var, referer: http://localhost:8000/manager/install/firstwebsite.php
[Mon Dec 02 23:54:07.221033 2013] [access_compat:error] [pid 7572:tid 1800] [client ::1:60490] AH01797: client denied by server configuration: D:/xampp/apache/error/HTTP_NOT_FOUND.html.var, referer: http://localhost:8000/manager/install/firstwebsite.php
[Mon Dec 02 23:54:11.311765 2013] [access_compat:error] [pid 7572:tid 1800] [client ::1:60490] AH01797: client denied by server configuration: D:/xampp/apache/error/HTTP_NOT_FOUND.html.var, referer: http://localhost:8000/manager/install/firstwebsite.php
[Mon Dec 02 23:54:11.312767 2013] [access_compat:error] [pid 7572:tid 1808] [client ::1:60496] AH01797: client denied by server configuration: D:/xampp/apache/error/HTTP_NOT_FOUND.html.var, referer: http://localhost:8000/manager/install/firstwebsite.php
[Mon Dec 02 23:54:47.152705 2013] [access_compat:error] [pid 7572:tid 1808] [client ::1:60508] AH01797: client denied by server configuration: D:/xampp/apache/error/HTTP_NOT_FOUND.html.var, referer: http://localhost:8000/manager/install/firstwebsite.php
[Mon Dec 02 23:54:47.153705 2013] [access_compat:error] [pid 7572:tid 1800] [client ::1:60511] AH01797: client denied by server configuration: D:/xampp/apache/error/HTTP_NOT_FOUND.html.var, referer: http://localhost:8000/manager/install/firstwebsite.php
[Tue Dec 03 00:00:02.334230 2013] [access_compat:error] [pid 7572:tid 1800] [client ::1:60587] AH01797: client denied by server configuration: D:/xampp/apache/error/HTTP_NOT_FOUND.html.var, referer: http://localhost:8000/manager/install/firstwebsite.php
[Tue Dec 03 00:00:02.335231 2013] [access_compat:error] [pid 7572:tid 1808] [client ::1:60590] AH01797: client denied by server configuration: D:/xampp/apache/error/HTTP_NOT_FOUND.html.var, referer: http://localhost:8000/manager/install/firstwebsite.php
[Tue Dec 03 00:00:56.202212 2013] [access_compat:error] [pid 7572:tid 1808] [client ::1:60629] AH01797: client denied by server configuration: D:/xampp/apache/error/HTTP_NOT_FOUND.html.var, referer: http://localhost:8000/manager/install/firstwebsite.php
[Tue Dec 03 00:00:57.792274 2013] [access_compat:error] [pid 7572:tid 1824] [client ::1:60632] AH01797: client denied by server configuration: D:/xampp/apache/error/HTTP_NOT_FOUND.html.var, referer: http://localhost:8000/manager/install/firstwebsite.php
[Tue Dec 03 00:00:57.792274 2013] [access_compat:error] [pid 7572:tid 1808] [client ::1:60629] AH01797: client denied by server configuration: D:/xampp/apache/error/HTTP_NOT_FOUND.html.var, referer: http://localhost:8000/manager/install/firstwebsite.php
[Tue Dec 03 00:01:47.780664 2013] [access_compat:error] [pid 7572:tid 1808] [client ::1:60645] AH01797: client denied by server configuration: D:/xampp/apache/error/HTTP_NOT_FOUND.html.var, referer: http://localhost:8000/manager/install/firstwebsite.php
[Tue Dec 03 00:01:50.528501 2013] [access_compat:error] [pid 7572:tid 1824] [client ::1:60650] AH01797: client denied by server configuration: D:/xampp/apache/error/HTTP_NOT_FOUND.html.var, referer: http://localhost:8000/manager/install/firstwebsite.php?op=log&msg=Le+site+%3Cstrong%3ENom+du+nouveau+site+Web%3C%2Fstrong%3E+a+%C3%A9t%C3%A9+ajout%C3%A9+avec+succ%C3%A8s.
[Tue Dec 03 00:02:59.998901 2013] [access_compat:error] [pid 7572:tid 1824] [client ::1:60665] AH01797: client denied by server configuration: D:/xampp/apache/error/HTTP_NOT_FOUND.html.var, referer: http://localhost:8000/manager/install/configfile.php
[Tue Dec 03 00:04:16.653102 2013] [access_compat:error] [pid 7572:tid 1808] [client ::1:60698] AH01797: client denied by server configuration: D:/xampp/apache/error/HTTP_NOT_FOUND.html.var, referer: http://localhost:8000/manager/install/index.php
[Tue Dec 03 00:04:20.080393 2013] [access_compat:error] [pid 7572:tid 1808] [client ::1:60698] AH01797: client denied by server configuration: D:/xampp/apache/error/HTTP_NOT_FOUND.html.var, referer: http://localhost:8000/manager/install/upgrade.php
[Tue Dec 03 00:06:51.013207 2013] [access_compat:error] [pid 7572:tid 1808] [client ::1:60741] AH01797: client denied by server configuration: D:/xampp/apache/error/HTTP_NOT_FOUND.html.var, referer: http://localhost:8000/manager/install/index.php
[Tue Dec 03 00:06:53.703003 2013] [access_compat:error] [pid 7572:tid 1808] [client ::1:60741] AH01797: client denied by server configuration: D:/xampp/apache/error/HTTP_NOT_FOUND.html.var, referer: http://localhost:8000/manager/install/upgrade.php
[Tue Dec 03 00:08:22.205119 2013] [access_compat:error] [pid 7572:tid 1808] [client ::1:60762] AH01797: client denied by server configuration: D:/xampp/apache/error/HTTP_NOT_FOUND.html.var, referer: http://localhost:8000/manager/install/index.php
[Tue Dec 03 00:08:24.905922 2013] [access_compat:error] [pid 7572:tid 1808] [client ::1:60762] AH01797: client denied by server configuration: D:/xampp/apache/error/HTTP_NOT_FOUND.html.var, referer: http://localhost:8000/manager/install/upgrade.php
[Tue Dec 03 00:09:58.260278 2013] [access_compat:error] [pid 7572:tid 1808] [client ::1:60787] AH01797: client denied by server configuration: D:/xampp/apache/error/HTTP_NOT_FOUND.html.var, referer: http://localhost:8000/manager/install/index.php
[Tue Dec 03 00:10:00.782963 2013] [access_compat:error] [pid 7572:tid 1808] [client ::1:60787] AH01797: client denied by server configuration: D:/xampp/apache/error/HTTP_NOT_FOUND.html.var, referer: http://localhost:8000/manager/install/upgrade.php
[Tue Dec 03 00:12:48.584045 2013] [access_compat:error] [pid 7572:tid 1824] [client ::1:60961] AH01797: client denied by server configuration: D:/xampp/apache/error/HTTP_NOT_FOUND.html.var
