::1 - - [02/Dec/2013:22:31:11 +0100] "GET / HTTP/1.1" 200 59
::1 - - [02/Dec/2013:22:31:13 +0100] "GET /favicon.ico HTTP/1.1" 403 -
::1 - - [02/Dec/2013:22:52:10 +0100] "GET / HTTP/1.1" 200 28741
::1 - - [02/Dec/2013:22:52:26 +0100] "GET /manager/install HTTP/1.1" 301 346
::1 - - [02/Dec/2013:22:52:26 +0100] "GET /manager/install/ HTTP/1.1" 200 2906
::1 - - [02/Dec/2013:22:52:26 +0100] "GET /manager/themes/default/images/fond.jpg HTTP/1.1" 403 -
::1 - - [02/Dec/2013:22:52:26 +0100] "GET /manager/install/images/degrade_bleu.png HTTP/1.1" 403 -
::1 - - [02/Dec/2013:22:52:28 +0100] "GET /manager/install/images/degrade_orange.png HTTP/1.1" 403 -
::1 - - [02/Dec/2013:22:52:32 +0100] "POST /manager/install/index.php HTTP/1.1" 302 -
::1 - - [02/Dec/2013:22:52:32 +0100] "GET /manager/install/check.php HTTP/1.1" 200 4341
::1 - - [02/Dec/2013:22:52:32 +0100] "GET /manager/themes/default/images/check_on.png HTTP/1.1" 200 541
::1 - - [02/Dec/2013:22:52:32 +0100] "GET /manager/themes/default/images/fond.jpg HTTP/1.1" 403 -
::1 - - [02/Dec/2013:22:52:35 +0100] "GET /manager/install/encoding.php HTTP/1.1" 200 3017
::1 - - [02/Dec/2013:22:52:35 +0100] "GET /manager/themes/default/images/fond.jpg HTTP/1.1" 403 -
::1 - - [02/Dec/2013:22:52:35 +0100] "GET /manager/install/images/degrade_bleu.png HTTP/1.1" 403 -
::1 - - [02/Dec/2013:22:52:36 +0100] "GET /manager/install/images/degrade_orange.png HTTP/1.1" 403 -
::1 - - [02/Dec/2013:22:52:38 +0100] "POST /manager/install/encoding.php HTTP/1.1" 302 -
::1 - - [02/Dec/2013:22:52:38 +0100] "GET /manager/install/dbinfo.php HTTP/1.1" 200 3817
::1 - - [02/Dec/2013:22:52:38 +0100] "GET /manager/themes/default/images/fond.jpg HTTP/1.1" 403 -
::1 - - [02/Dec/2013:22:52:38 +0100] "GET /manager/install/images/degrade_bleu.png HTTP/1.1" 403 -
::1 - - [02/Dec/2013:22:52:48 +0100] "GET /manager/install/images/degrade_orange.png HTTP/1.1" 403 -
::1 - - [02/Dec/2013:22:52:51 +0100] "POST /manager/install/dbinfo.php HTTP/1.1" 200 4151
::1 - - [02/Dec/2013:22:52:52 +0100] "GET /manager/themes/default/images/fond.jpg HTTP/1.1" 403 -
::1 - - [02/Dec/2013:22:52:52 +0100] "GET /manager/install/images/degrade_bleu.png HTTP/1.1" 403 -
::1 - - [02/Dec/2013:22:53:12 +0100] "GET /manager/install/images/degrade_orange.png HTTP/1.1" 403 -
::1 - - [02/Dec/2013:22:53:12 +0100] "POST /manager/install/dbinfo.php HTTP/1.1" 200 4171
::1 - - [02/Dec/2013:22:53:14 +0100] "GET /manager/themes/default/images/fond.jpg HTTP/1.1" 403 -
::1 - - [02/Dec/2013:22:53:14 +0100] "GET /manager/install/images/degrade_bleu.png HTTP/1.1" 403 -
::1 - - [02/Dec/2013:22:53:14 +0100] "GET /manager/install/images/degrade_orange.png HTTP/1.1" 403 -
::1 - - [02/Dec/2013:22:54:22 +0100] "POST /manager/install/dbinfo.php HTTP/1.1" 200 4171
::1 - - [02/Dec/2013:22:54:23 +0100] "GET /manager/themes/default/images/fond.jpg HTTP/1.1" 403 -
::1 - - [02/Dec/2013:22:54:23 +0100] "GET /manager/install/images/degrade_bleu.png HTTP/1.1" 403 -
::1 - - [02/Dec/2013:22:54:23 +0100] "GET /manager/install/images/degrade_orange.png HTTP/1.1" 403 -
::1 - - [02/Dec/2013:23:00:05 +0100] "POST /manager/install/dbinfo.php HTTP/1.1" 302 -
::1 - - [02/Dec/2013:23:00:07 +0100] "GET /manager/install/dbinstall.php HTTP/1.1" 200 21274
::1 - - [02/Dec/2013:23:00:08 +0100] "GET /manager/themes/default/images/check_off.png HTTP/1.1" 200 524
::1 - - [02/Dec/2013:23:00:08 +0100] "GET /manager/themes/default/images/fond.jpg HTTP/1.1" 403 -
::1 - - [02/Dec/2013:23:04:49 +0100] "POST /manager/install/dbinfo.php HTTP/1.1" 200 4171
::1 - - [02/Dec/2013:23:04:50 +0100] "GET /manager/themes/default/images/fond.jpg HTTP/1.1" 403 -
::1 - - [02/Dec/2013:23:04:50 +0100] "GET /manager/install/images/degrade_bleu.png HTTP/1.1" 403 -
::1 - - [02/Dec/2013:23:04:55 +0100] "GET /manager/install/images/degrade_orange.png HTTP/1.1" 403 -
::1 - - [02/Dec/2013:23:04:56 +0100] "POST /manager/install/dbinfo.php HTTP/1.1" 302 -
::1 - - [02/Dec/2013:23:04:57 +0100] "GET /manager/install/dbinstall.php HTTP/1.1" 200 4457
::1 - - [02/Dec/2013:23:04:58 +0100] "GET /manager/themes/default/images/fond.jpg HTTP/1.1" 403 -
::1 - - [02/Dec/2013:23:12:14 +0100] "POST /manager/install/dbinfo.php HTTP/1.1" 200 4171
::1 - - [02/Dec/2013:23:12:15 +0100] "GET /manager/themes/default/images/fond.jpg HTTP/1.1" 403 -
::1 - - [02/Dec/2013:23:12:15 +0100] "GET /manager/install/images/degrade_bleu.png HTTP/1.1" 403 -
::1 - - [02/Dec/2013:23:12:19 +0100] "GET /manager/install/images/degrade_orange.png HTTP/1.1" 403 -
::1 - - [02/Dec/2013:23:12:20 +0100] "POST /manager/install/dbinfo.php HTTP/1.1" 302 -
::1 - - [02/Dec/2013:23:12:21 +0100] "GET /manager/install/dbinstall.php HTTP/1.1" 200 4457
::1 - - [02/Dec/2013:23:12:23 +0100] "GET /manager/themes/default/images/fond.jpg HTTP/1.1" 403 -
::1 - - [02/Dec/2013:23:17:45 +0100] "POST /manager/install/dbinfo.php HTTP/1.1" 200 4171
::1 - - [02/Dec/2013:23:17:46 +0100] "GET /manager/install/images/degrade_bleu.png HTTP/1.1" 403 -
::1 - - [02/Dec/2013:23:17:46 +0100] "GET /manager/themes/default/images/fond.jpg HTTP/1.1" 403 -
::1 - - [02/Dec/2013:23:17:49 +0100] "POST /manager/install/dbinfo.php HTTP/1.1" 302 -
::1 - - [02/Dec/2013:23:17:50 +0100] "GET /manager/install/dbinstall.php HTTP/1.1" 200 4187
::1 - - [02/Dec/2013:23:17:51 +0100] "GET /manager/themes/default/images/fond.jpg HTTP/1.1" 403 -
::1 - - [02/Dec/2013:23:26:19 +0100] "GET /manager/install/dbinstall.php HTTP/1.1" 200 4187
::1 - - [02/Dec/2013:23:26:21 +0100] "GET /manager/themes/default/images/check_on.png HTTP/1.1" 304 -
::1 - - [02/Dec/2013:23:26:21 +0100] "GET /manager/themes/default/images/fond.jpg HTTP/1.1" 403 -
::1 - - [02/Dec/2013:23:26:39 +0100] "POST /manager/install/dbinfo.php HTTP/1.1" 200 4171
::1 - - [02/Dec/2013:23:26:40 +0100] "GET /manager/themes/default/images/fond.jpg HTTP/1.1" 403 -
::1 - - [02/Dec/2013:23:26:40 +0100] "GET /manager/install/images/degrade_bleu.png HTTP/1.1" 403 -
::1 - - [02/Dec/2013:23:26:45 +0100] "GET /manager/install/images/degrade_orange.png HTTP/1.1" 403 -
::1 - - [02/Dec/2013:23:26:46 +0100] "POST /manager/install/dbinfo.php HTTP/1.1" 302 -
::1 - - [02/Dec/2013:23:26:47 +0100] "GET /manager/install/dbinstall.php HTTP/1.1" 200 4187
::1 - - [02/Dec/2013:23:26:48 +0100] "GET /manager/themes/default/images/fond.jpg HTTP/1.1" 403 -
::1 - - [02/Dec/2013:23:26:55 +0100] "POST /manager/install/dbinfo.php HTTP/1.1" 200 4171
::1 - - [02/Dec/2013:23:26:56 +0100] "GET /manager/themes/default/images/fond.jpg HTTP/1.1" 403 -
::1 - - [02/Dec/2013:23:26:56 +0100] "GET /manager/install/images/degrade_bleu.png HTTP/1.1" 403 -
::1 - - [02/Dec/2013:23:27:12 +0100] "GET /manager/install/ HTTP/1.1" 200 2906
::1 - - [02/Dec/2013:23:27:13 +0100] "GET /manager/themes/default/images/fond.jpg HTTP/1.1" 403 -
::1 - - [02/Dec/2013:23:27:13 +0100] "GET /manager/install/images/degrade_bleu.png HTTP/1.1" 403 -
::1 - - [02/Dec/2013:23:27:14 +0100] "GET /manager/install/images/degrade_orange.png HTTP/1.1" 403 -
::1 - - [02/Dec/2013:23:27:15 +0100] "POST /manager/install/index.php HTTP/1.1" 302 -
::1 - - [02/Dec/2013:23:27:15 +0100] "GET /manager/install/check.php HTTP/1.1" 200 4341
::1 - - [02/Dec/2013:23:27:15 +0100] "GET /manager/themes/default/images/fond.jpg HTTP/1.1" 403 -
::1 - - [02/Dec/2013:23:27:18 +0100] "GET /manager/install/encoding.php HTTP/1.1" 200 3017
::1 - - [02/Dec/2013:23:27:18 +0100] "GET /manager/themes/default/images/fond.jpg HTTP/1.1" 403 -
::1 - - [02/Dec/2013:23:27:18 +0100] "GET /manager/install/images/degrade_bleu.png HTTP/1.1" 403 -
::1 - - [02/Dec/2013:23:27:19 +0100] "GET /manager/install/images/degrade_orange.png HTTP/1.1" 403 -
::1 - - [02/Dec/2013:23:27:20 +0100] "POST /manager/install/encoding.php HTTP/1.1" 302 -
::1 - - [02/Dec/2013:23:27:20 +0100] "GET /manager/install/dbinfo.php HTTP/1.1" 200 3817
::1 - - [02/Dec/2013:23:27:20 +0100] "GET /manager/themes/default/images/fond.jpg HTTP/1.1" 403 -
::1 - - [02/Dec/2013:23:27:20 +0100] "GET /manager/install/images/degrade_bleu.png HTTP/1.1" 403 -
::1 - - [02/Dec/2013:23:27:25 +0100] "GET /manager/install/images/degrade_orange.png HTTP/1.1" 403 -
::1 - - [02/Dec/2013:23:27:26 +0100] "POST /manager/install/dbinfo.php HTTP/1.1" 200 4136
::1 - - [02/Dec/2013:23:27:27 +0100] "GET /manager/themes/default/images/fond.jpg HTTP/1.1" 403 -
::1 - - [02/Dec/2013:23:27:27 +0100] "GET /manager/install/images/degrade_bleu.png HTTP/1.1" 403 -
::1 - - [02/Dec/2013:23:27:35 +0100] "GET /manager/install/images/degrade_orange.png HTTP/1.1" 403 -
::1 - - [02/Dec/2013:23:27:35 +0100] "POST /manager/install/dbinfo.php HTTP/1.1" 302 -
::1 - - [02/Dec/2013:23:27:37 +0100] "GET /manager/install/dbinstall.php HTTP/1.1" 200 4187
::1 - - [02/Dec/2013:23:27:38 +0100] "GET /manager/themes/default/images/fond.jpg HTTP/1.1" 403 -
::1 - - [02/Dec/2013:23:29:00 +0100] "POST /manager/install/dbinfo.php HTTP/1.1" 200 4136
::1 - - [02/Dec/2013:23:29:01 +0100] "GET /manager/themes/default/images/fond.jpg HTTP/1.1" 403 -
::1 - - [02/Dec/2013:23:29:01 +0100] "GET /manager/install/images/degrade_bleu.png HTTP/1.1" 403 -
::1 - - [02/Dec/2013:23:29:03 +0100] "GET /manager/install/images/degrade_orange.png HTTP/1.1" 403 -
::1 - - [02/Dec/2013:23:29:06 +0100] "GET /manager/install/dbinfo.php HTTP/1.1" 200 3817
::1 - - [02/Dec/2013:23:29:06 +0100] "GET /manager/themes/default/images/fond.jpg HTTP/1.1" 403 -
::1 - - [02/Dec/2013:23:29:06 +0100] "GET /manager/install/images/degrade_bleu.png HTTP/1.1" 403 -
::1 - - [02/Dec/2013:23:29:11 +0100] "GET /manager/install/images/degrade_orange.png HTTP/1.1" 403 -
::1 - - [02/Dec/2013:23:29:12 +0100] "POST /manager/install/dbinfo.php HTTP/1.1" 302 -
::1 - - [02/Dec/2013:23:29:13 +0100] "GET /manager/install/dbinstall.php HTTP/1.1" 200 4465
::1 - - [02/Dec/2013:23:29:14 +0100] "GET /manager/themes/default/images/fond.jpg HTTP/1.1" 403 -
::1 - - [02/Dec/2013:23:29:24 +0100] "GET /manager/install/dbinfo.php HTTP/1.1" 200 3817
::1 - - [02/Dec/2013:23:29:24 +0100] "GET /manager/themes/default/images/fond.jpg HTTP/1.1" 403 -
::1 - - [02/Dec/2013:23:29:24 +0100] "GET /manager/install/images/degrade_bleu.png HTTP/1.1" 403 -
::1 - - [02/Dec/2013:23:29:28 +0100] "GET /manager/install/encoding.php HTTP/1.1" 200 3017
::1 - - [02/Dec/2013:23:29:28 +0100] "GET /manager/themes/default/images/fond.jpg HTTP/1.1" 403 -
::1 - - [02/Dec/2013:23:29:28 +0100] "GET /manager/install/images/degrade_bleu.png HTTP/1.1" 403 -
::1 - - [02/Dec/2013:23:29:30 +0100] "GET /manager/install/check.php HTTP/1.1" 200 4341
::1 - - [02/Dec/2013:23:29:30 +0100] "GET /manager/themes/default/images/fond.jpg HTTP/1.1" 403 -
::1 - - [02/Dec/2013:23:29:32 +0100] "GET /manager/install/encoding.php HTTP/1.1" 200 3017
::1 - - [02/Dec/2013:23:29:32 +0100] "GET /manager/themes/default/images/fond.jpg HTTP/1.1" 403 -
::1 - - [02/Dec/2013:23:29:32 +0100] "GET /manager/install/images/degrade_bleu.png HTTP/1.1" 403 -
::1 - - [02/Dec/2013:23:29:33 +0100] "GET /manager/install/images/degrade_orange.png HTTP/1.1" 403 -
::1 - - [02/Dec/2013:23:29:33 +0100] "POST /manager/install/encoding.php HTTP/1.1" 302 -
::1 - - [02/Dec/2013:23:29:33 +0100] "GET /manager/install/dbinfo.php HTTP/1.1" 200 3817
::1 - - [02/Dec/2013:23:29:34 +0100] "GET /manager/themes/default/images/fond.jpg HTTP/1.1" 403 -
::1 - - [02/Dec/2013:23:29:34 +0100] "GET /manager/install/images/degrade_bleu.png HTTP/1.1" 403 -
::1 - - [02/Dec/2013:23:29:39 +0100] "GET /manager/install/images/degrade_orange.png HTTP/1.1" 403 -
::1 - - [02/Dec/2013:23:29:39 +0100] "POST /manager/install/dbinfo.php HTTP/1.1" 302 -
::1 - - [02/Dec/2013:23:29:40 +0100] "GET /manager/install/dbinstall.php HTTP/1.1" 200 4474
::1 - - [02/Dec/2013:23:29:41 +0100] "GET /manager/themes/default/images/fond.jpg HTTP/1.1" 403 -
::1 - - [02/Dec/2013:23:29:44 +0100] "GET /manager/install/dbinfo.php HTTP/1.1" 200 3817
::1 - - [02/Dec/2013:23:29:45 +0100] "GET /manager/themes/default/images/fond.jpg HTTP/1.1" 403 -
::1 - - [02/Dec/2013:23:29:45 +0100] "GET /manager/install/images/degrade_bleu.png HTTP/1.1" 403 -
::1 - - [02/Dec/2013:23:29:45 +0100] "GET /manager/install/images/degrade_orange.png HTTP/1.1" 403 -
::1 - - [02/Dec/2013:23:29:59 +0100] "GET /manager/install/upgrade.php HTTP/1.1" 200 4116
::1 - - [02/Dec/2013:23:30:06 +0100] "GET /manager/install/dbinfo.php HTTP/1.1" 200 3817
::1 - - [02/Dec/2013:23:30:06 +0100] "GET /manager/themes/default/images/fond.jpg HTTP/1.1" 403 -
::1 - - [02/Dec/2013:23:30:06 +0100] "GET /manager/install/images/degrade_bleu.png HTTP/1.1" 403 -
::1 - - [02/Dec/2013:23:30:12 +0100] "GET /manager/install/images/degrade_orange.png HTTP/1.1" 403 -
::1 - - [02/Dec/2013:23:31:30 +0100] "POST /manager/install/dbinfo.php HTTP/1.1" 302 -
::1 - - [02/Dec/2013:23:31:31 +0100] "GET /manager/install/dbinstall.php HTTP/1.1" 200 4187
::1 - - [02/Dec/2013:23:31:32 +0100] "GET /manager/themes/default/images/fond.jpg HTTP/1.1" 403 -
::1 - - [02/Dec/2013:23:31:35 +0100] "GET /manager/install/firstuser.php HTTP/1.1" 200 995
::1 - - [02/Dec/2013:23:33:46 +0100] "GET /manager/install/firstuser.php HTTP/1.1" 200 3432
::1 - - [02/Dec/2013:23:33:47 +0100] "GET /manager/themes/default/images/fond.jpg HTTP/1.1" 403 -
::1 - - [02/Dec/2013:23:33:47 +0100] "GET /manager/install/images/degrade_bleu.png HTTP/1.1" 403 -
::1 - - [02/Dec/2013:23:34:08 +0100] "GET /manager/install/images/degrade_orange.png HTTP/1.1" 403 -
::1 - - [02/Dec/2013:23:34:09 +0100] "POST /manager/install/firstuser.php HTTP/1.1" 200 1302
::1 - - [02/Dec/2013:23:35:56 +0100] "POST /manager/install/firstuser.php HTTP/1.1" 200 3746
::1 - - [02/Dec/2013:23:35:57 +0100] "GET /manager/themes/default/images/fond.jpg HTTP/1.1" 403 -
::1 - - [02/Dec/2013:23:35:57 +0100] "GET /manager/install/images/degrade_bleu.png HTTP/1.1" 403 -
::1 - - [02/Dec/2013:23:35:59 +0100] "GET /manager/install/images/degrade_orange.png HTTP/1.1" 403 -
::1 - - [02/Dec/2013:23:36:02 +0100] "POST /manager/install/firstuser.php HTTP/1.1" 200 3746
::1 - - [02/Dec/2013:23:36:03 +0100] "GET /manager/themes/default/images/fond.jpg HTTP/1.1" 403 -
::1 - - [02/Dec/2013:23:36:03 +0100] "GET /manager/install/images/degrade_bleu.png HTTP/1.1" 403 -
::1 - - [02/Dec/2013:23:36:03 +0100] "GET /manager/install/images/degrade_orange.png HTTP/1.1" 403 -
::1 - - [02/Dec/2013:23:36:21 +0100] "POST /manager/install/firstuser.php HTTP/1.1" 200 1302
::1 - - [02/Dec/2013:23:36:44 +0100] "POST /manager/install/firstuser.php HTTP/1.1" 200 3746
::1 - - [02/Dec/2013:23:36:45 +0100] "GET /manager/themes/default/images/fond.jpg HTTP/1.1" 403 -
::1 - - [02/Dec/2013:23:36:45 +0100] "GET /manager/install/images/degrade_bleu.png HTTP/1.1" 403 -
::1 - - [02/Dec/2013:23:36:57 +0100] "GET /manager/install/images/degrade_orange.png HTTP/1.1" 403 -
::1 - - [02/Dec/2013:23:36:57 +0100] "POST /manager/install/firstuser.php HTTP/1.1" 302 1596
::1 - - [02/Dec/2013:23:36:58 +0100] "GET /manager/install/firstwebsite.php HTTP/1.1" 200 4500
::1 - - [02/Dec/2013:23:37:00 +0100] "GET /manager/themes/default/images/fond.jpg HTTP/1.1" 403 -
::1 - - [02/Dec/2013:23:37:00 +0100] "GET /manager/install/images/degrade_bleu.png HTTP/1.1" 403 -
::1 - - [02/Dec/2013:23:37:05 +0100] "GET /manager/install/images/degrade_orange.png HTTP/1.1" 403 -
::1 - - [02/Dec/2013:23:37:13 +0100] "POST /manager/install/firstwebsite.php HTTP/1.1" 200 1019
::1 - - [02/Dec/2013:23:39:34 +0100] "POST /manager/install/firstwebsite.php HTTP/1.1" 200 416
::1 - - [02/Dec/2013:23:52:53 +0100] "POST /manager/install/firstwebsite.php HTTP/1.1" 200 416
::1 - - [02/Dec/2013:23:52:57 +0100] "GET /manager/install/firstwebsite.php HTTP/1.1" 200 416
::1 - - [02/Dec/2013:23:52:59 +0100] "GET /manager/install/firstwebsite.php HTTP/1.1" 200 416
::1 - - [02/Dec/2013:23:54:04 +0100] "GET /manager/install/firstwebsite.php HTTP/1.1" 200 4500
::1 - - [02/Dec/2013:23:54:06 +0100] "GET /manager/themes/default/images/fond.jpg HTTP/1.1" 403 -
::1 - - [02/Dec/2013:23:54:06 +0100] "GET /manager/install/images/degrade_bleu.png HTTP/1.1" 403 -
::1 - - [02/Dec/2013:23:54:07 +0100] "GET /manager/install/images/degrade_orange.png HTTP/1.1" 403 -
::1 - - [02/Dec/2013:23:54:10 +0100] "POST /manager/install/firstwebsite.php HTTP/1.1" 200 6367
::1 - - [02/Dec/2013:23:54:11 +0100] "GET /manager/install/images/degrade_bleu.png HTTP/1.1" 403 -
::1 - - [02/Dec/2013:23:54:11 +0100] "GET /manager/themes/default/images/fond.jpg HTTP/1.1" 403 -
::1 - - [02/Dec/2013:23:54:46 +0100] "POST /manager/install/firstwebsite.php HTTP/1.1" 200 7934
::1 - - [02/Dec/2013:23:54:47 +0100] "GET /manager/install/images/degrade_bleu.png HTTP/1.1" 403 -
::1 - - [02/Dec/2013:23:54:47 +0100] "GET /manager/themes/default/images/fond.jpg HTTP/1.1" 403 -
::1 - - [03/Dec/2013:00:00:01 +0100] "POST /manager/install/firstwebsite.php HTTP/1.1" 200 5203
::1 - - [03/Dec/2013:00:00:02 +0100] "GET /manager/themes/default/images/fond.jpg HTTP/1.1" 403 -
::1 - - [03/Dec/2013:00:00:02 +0100] "GET /manager/install/images/degrade_bleu.png HTTP/1.1" 403 -
::1 - - [03/Dec/2013:00:00:56 +0100] "GET /manager/install/images/degrade_orange.png HTTP/1.1" 403 -
::1 - - [03/Dec/2013:00:00:56 +0100] "POST /manager/install/firstwebsite.php HTTP/1.1" 200 5288
::1 - - [03/Dec/2013:00:00:57 +0100] "GET /manager/install/images/degrade_bleu.png HTTP/1.1" 403 -
::1 - - [03/Dec/2013:00:00:57 +0100] "GET /manager/themes/default/images/fond.jpg HTTP/1.1" 403 -
::1 - - [03/Dec/2013:00:01:47 +0100] "GET /manager/install/images/degrade_orange.png HTTP/1.1" 403 -
::1 - - [03/Dec/2013:00:01:48 +0100] "POST /manager/install/firstwebsite.php HTTP/1.1" 302 -
::1 - - [03/Dec/2013:00:01:49 +0100] "GET /manager/install/firstwebsite.php?op=log&msg=Le+site+%3Cstrong%3ENom+du+nouveau+site+Web%3C%2Fstrong%3E+a+%C3%A9t%C3%A9+ajout%C3%A9+avec+succ%C3%A8s. HTTP/1.1" 200 3068
::1 - - [03/Dec/2013:00:01:50 +0100] "GET /manager/themes/default/images/check_wait.png HTTP/1.1" 200 249
::1 - - [03/Dec/2013:00:01:50 +0100] "GET /manager/themes/default/images/fond.jpg HTTP/1.1" 403 -
::1 - - [03/Dec/2013:00:02:58 +0100] "GET /manager/install/configfile.php HTTP/1.1" 200 2575
::1 - - [03/Dec/2013:00:02:59 +0100] "GET /manager/themes/default/images/fond.jpg HTTP/1.1" 403 -
::1 - - [03/Dec/2013:00:03:43 +0100] "GET /manager/login.php?logout=1 HTTP/1.1" 302 -
::1 - - [03/Dec/2013:00:03:43 +0100] "GET /manager/index.php HTTP/1.1" 302 -
::1 - - [03/Dec/2013:00:03:43 +0100] "GET /manager/login.php HTTP/1.1" 200 1299
::1 - - [03/Dec/2013:00:03:44 +0100] "GET /manager/themes/default/style.css HTTP/1.1" 200 14695
::1 - - [03/Dec/2013:00:03:44 +0100] "GET /manager/themes/default/images/logo.png HTTP/1.1" 200 5149
::1 - - [03/Dec/2013:00:03:44 +0100] "GET /manager/themes/default/images/degrade_bleu.png HTTP/1.1" 200 114
::1 - - [03/Dec/2013:00:03:51 +0100] "POST /manager/login.php HTTP/1.1" 200 1390
::1 - - [03/Dec/2013:00:04:03 +0100] "POST /manager/login.php HTTP/1.1" 200 1390
::1 - - [03/Dec/2013:00:04:16 +0100] "GET /manager/install/upgrade.php HTTP/1.1" 302 -
::1 - - [03/Dec/2013:00:04:16 +0100] "GET /manager/install/index.php HTTP/1.1" 200 2387
::1 - - [03/Dec/2013:00:04:16 +0100] "GET /manager/themes/default/images/fond.jpg HTTP/1.1" 403 -
::1 - - [03/Dec/2013:00:04:18 +0100] "GET /manager/install/upgrade.php HTTP/1.1" 200 7471
::1 - - [03/Dec/2013:00:04:20 +0100] "GET /manager/themes/default/images/fond.jpg HTTP/1.1" 403 -
::1 - - [03/Dec/2013:00:06:50 +0100] "GET /manager/install/upgrade.php HTTP/1.1" 302 -
::1 - - [03/Dec/2013:00:06:50 +0100] "GET /manager/install/index.php HTTP/1.1" 200 2387
::1 - - [03/Dec/2013:00:06:51 +0100] "GET /manager/themes/default/images/fond.jpg HTTP/1.1" 403 -
::1 - - [03/Dec/2013:00:06:52 +0100] "GET /manager/install/upgrade.php HTTP/1.1" 200 8413
::1 - - [03/Dec/2013:00:06:53 +0100] "GET /manager/themes/default/images/fond.jpg HTTP/1.1" 403 -
::1 - - [03/Dec/2013:00:08:22 +0100] "GET /manager/install/upgrade.php HTTP/1.1" 302 -
::1 - - [03/Dec/2013:00:08:22 +0100] "GET /manager/install/index.php HTTP/1.1" 200 2387
::1 - - [03/Dec/2013:00:08:22 +0100] "GET /manager/themes/default/images/fond.jpg HTTP/1.1" 403 -
::1 - - [03/Dec/2013:00:08:23 +0100] "GET /manager/install/upgrade.php HTTP/1.1" 200 7030
::1 - - [03/Dec/2013:00:08:24 +0100] "GET /manager/themes/default/images/fond.jpg HTTP/1.1" 403 -
::1 - - [03/Dec/2013:00:09:58 +0100] "GET /manager/install/upgrade.php HTTP/1.1" 302 -
::1 - - [03/Dec/2013:00:09:58 +0100] "GET /manager/install/index.php HTTP/1.1" 200 2387
::1 - - [03/Dec/2013:00:09:58 +0100] "GET /manager/themes/default/images/fond.jpg HTTP/1.1" 403 -
::1 - - [03/Dec/2013:00:09:59 +0100] "GET /manager/install/upgrade.php HTTP/1.1" 200 7047
::1 - - [03/Dec/2013:00:10:00 +0100] "GET /manager/themes/default/images/fond.jpg HTTP/1.1" 403 -
::1 - - [03/Dec/2013:00:10:05 +0100] "GET /manager/login.php?logout=1 HTTP/1.1" 302 -
::1 - - [03/Dec/2013:00:10:05 +0100] "GET /manager/index.php HTTP/1.1" 302 -
::1 - - [03/Dec/2013:00:10:05 +0100] "GET /manager/login.php HTTP/1.1" 200 1299
::1 - - [03/Dec/2013:00:10:12 +0100] "POST /manager/login.php HTTP/1.1" 200 1390
::1 - - [03/Dec/2013:00:10:55 +0100] "POST /manager/login.php HTTP/1.1" 200 1390
::1 - - [03/Dec/2013:00:11:52 +0100] "POST /manager/login.php HTTP/1.1" 200 1390
::1 - - [03/Dec/2013:00:12:47 +0100] "GET /manager/ HTTP/1.1" 302 -
::1 - - [03/Dec/2013:00:12:47 +0100] "GET /manager/login.php HTTP/1.1" 200 1299
::1 - - [03/Dec/2013:00:12:48 +0100] "GET /manager/themes/default/images/logo.png HTTP/1.1" 200 5149
::1 - - [03/Dec/2013:00:12:48 +0100] "GET /manager/themes/default/style.css HTTP/1.1" 200 14695
::1 - - [03/Dec/2013:00:12:48 +0100] "GET /manager/themes/default/images/degrade_bleu.png HTTP/1.1" 200 114
::1 - - [03/Dec/2013:00:12:48 +0100] "GET /favicon.ico HTTP/1.1" 403 -
::1 - - [03/Dec/2013:00:12:54 +0100] "POST /manager/login.php HTTP/1.1" 200 1390
::1 - - [03/Dec/2013:00:14:00 +0100] "POST /manager/login.php HTTP/1.1" 200 1391
::1 - - [03/Dec/2013:00:15:51 +0100] "POST /manager/login.php HTTP/1.1" 200 1391
::1 - - [03/Dec/2013:00:15:57 +0100] "POST /manager/login.php HTTP/1.1" 200 1391
::1 - - [03/Dec/2013:00:17:54 +0100] "POST /manager/login.php HTTP/1.1" 200 1405
::1 - - [03/Dec/2013:00:18:15 +0100] "GET /manager/ HTTP/1.1" 302 -
::1 - - [03/Dec/2013:00:18:15 +0100] "GET /manager/login.php HTTP/1.1" 200 1299
::1 - - [03/Dec/2013:00:18:22 +0100] "POST /manager/login.php HTTP/1.1" 200 1405
::1 - - [03/Dec/2013:00:18:30 +0100] "POST /manager/login.php HTTP/1.1" 200 1405
::1 - - [03/Dec/2013:00:18:31 +0100] "GET /manager/themes/default/style.css HTTP/1.1" 304 -
::1 - - [03/Dec/2013:00:18:31 +0100] "GET /manager/themes/default/images/logo.png HTTP/1.1" 304 -
::1 - - [03/Dec/2013:00:18:31 +0100] "GET /manager/themes/default/images/degrade_bleu.png HTTP/1.1" 304 -
::1 - - [03/Dec/2013:00:22:26 +0100] "POST /manager/login.php HTTP/1.1" 200 1405
::1 - - [03/Dec/2013:00:25:18 +0100] "POST /manager/login.php HTTP/1.1" 200 2395
::1 - - [03/Dec/2013:00:25:28 +0100] "POST /manager/login.php HTTP/1.1" 200 1407
::1 - - [03/Dec/2013:00:29:42 +0100] "POST /manager/login.php HTTP/1.1" 302 16
::1 - - [03/Dec/2013:00:29:43 +0100] "GET /manager/index.php HTTP/1.1" 200 9735
::1 - - [03/Dec/2013:00:29:44 +0100] "GET /manager/js/jquery-migrate-1.2.1.js HTTP/1.1" 200 17142
::1 - - [03/Dec/2013:00:29:44 +0100] "GET /manager/js/themes/base/jquery.ui.all.css HTTP/1.1" 200 292
::1 - - [03/Dec/2013:00:29:44 +0100] "GET /manager/js/jquery.last.min.js HTTP/1.1" 200 92629
::1 - - [03/Dec/2013:00:29:44 +0100] "GET /manager/js/pathSelector/jquery.pathSelector-plume.css HTTP/1.1" 200 2129
::1 - - [03/Dec/2013:00:29:44 +0100] "GET /manager/js/pathSelector/jquery.pathSelector.contextMenu.js HTTP/1.1" 200 9763
::1 - - [03/Dec/2013:00:29:44 +0100] "GET /manager/js/ui/jquery-ui.custom.min.js HTTP/1.1" 200 228137
::1 - - [03/Dec/2013:00:29:44 +0100] "GET /manager/js/pathSelector/jquery.pathSelector.js HTTP/1.1" 200 13440
::1 - - [03/Dec/2013:00:29:44 +0100] "GET /manager/tools.js HTTP/1.1" 200 10886
::1 - - [03/Dec/2013:00:29:44 +0100] "GET /manager/themes/default/images/ico_content.png HTTP/1.1" 200 1438
::1 - - [03/Dec/2013:00:29:44 +0100] "GET /manager/themes/default/images/ico_cat.png HTTP/1.1" 200 810
::1 - - [03/Dec/2013:00:29:44 +0100] "GET /manager/themes/default/images/ico_authors.png HTTP/1.1" 200 1418
::1 - - [03/Dec/2013:00:29:44 +0100] "GET /manager/themes/default/images/ico_pref.png HTTP/1.1" 200 1152
::1 - - [03/Dec/2013:00:29:44 +0100] "GET /manager/themes/default/images/ico_tools.png HTTP/1.1" 200 1242
::1 - - [03/Dec/2013:00:29:44 +0100] "GET /manager/themes/default/images/ico_comments.png HTTP/1.1" 200 753
::1 - - [03/Dec/2013:00:29:44 +0100] "GET /manager/themes/default/images/ico_sites.png HTTP/1.1" 200 1476
::1 - - [03/Dec/2013:00:29:44 +0100] "GET /manager/themes/default/images/ico_help.png HTTP/1.1" 200 809
::1 - - [03/Dec/2013:00:29:44 +0100] "GET /manager/themes/default/images/ico_news.png HTTP/1.1" 200 475
::1 - - [03/Dec/2013:00:29:44 +0100] "GET /manager/themes/default/images/ico_datetime.png HTTP/1.1" 200 1217
::1 - - [03/Dec/2013:00:29:44 +0100] "GET /manager/themes/default/images/ico_article.png HTTP/1.1" 200 483
::1 - - [03/Dec/2013:00:29:44 +0100] "GET /manager/themes/default/images/ico_image.png HTTP/1.1" 200 713
::1 - - [03/Dec/2013:00:29:44 +0100] "GET /manager/themes/default/images/rss.png HTTP/1.1" 200 1782
::1 - - [03/Dec/2013:00:29:44 +0100] "GET /manager/themes/default/images/ico_site.png HTTP/1.1" 200 807
::1 - - [03/Dec/2013:00:29:44 +0100] "GET /manager/themes/default/images/plume-cms-powered.png HTTP/1.1" 200 196
::1 - - [03/Dec/2013:00:29:45 +0100] "GET /manager/js/themes/base/jquery.ui.base.css HTTP/1.1" 200 427
::1 - - [03/Dec/2013:00:29:45 +0100] "GET /manager/js/themes/base/jquery.ui.theme.css HTTP/1.1" 200 18121
::1 - - [03/Dec/2013:00:29:45 +0100] "GET /manager/js/themes/base/jquery.ui.core.css HTTP/1.1" 200 1318
::1 - - [03/Dec/2013:00:29:45 +0100] "GET /manager/js/themes/base/jquery.ui.resizable.css HTTP/1.1" 200 1158
::1 - - [03/Dec/2013:00:29:45 +0100] "GET /manager/js/themes/base/jquery.ui.selectable.css HTTP/1.1" 200 324
::1 - - [03/Dec/2013:00:29:45 +0100] "GET /manager/js/themes/base/jquery.ui.accordion.css HTTP/1.1" 200 1067
::1 - - [03/Dec/2013:00:29:45 +0100] "GET /manager/js/themes/base/jquery.ui.autocomplete.css HTTP/1.1" 200 1109
::1 - - [03/Dec/2013:00:29:45 +0100] "GET /manager/js/themes/base/jquery.ui.button.css HTTP/1.1" 200 2472
::1 - - [03/Dec/2013:00:29:45 +0100] "GET /manager/js/themes/base/jquery.ui.dialog.css HTTP/1.1" 200 1359
::1 - - [03/Dec/2013:00:29:45 +0100] "GET /manager/js/themes/base/jquery.ui.slider.css HTTP/1.1" 200 1141
::1 - - [03/Dec/2013:00:29:45 +0100] "GET /manager/js/themes/base/jquery.ui.tabs.css HTTP/1.1" 200 1384
::1 - - [03/Dec/2013:00:29:45 +0100] "GET /manager/js/themes/base/jquery.ui.datepicker.css HTTP/1.1" 200 3983
::1 - - [03/Dec/2013:00:29:45 +0100] "GET /manager/js/themes/base/jquery.ui.progressbar.css HTTP/1.1" 200 376
::1 - - [03/Dec/2013:00:29:46 +0100] "GET /manager/themes/default/images/bg-header.png HTTP/1.1" 200 264
::1 - - [03/Dec/2013:00:29:46 +0100] "GET /manager/themes/default/images/bg-header-light.png HTTP/1.1" 200 203
::1 - - [03/Dec/2013:00:29:46 +0100] "GET /manager/themes/default/images/bg-header-light-gradient.png HTTP/1.1" 200 863
::1 - - [03/Dec/2013:00:29:46 +0100] "GET /manager/themes/default/images/ico_author.png HTTP/1.1" 200 1005
::1 - - [03/Dec/2013:00:29:46 +0100] "GET /manager/themes/default/images/stock_zoom-page.png HTTP/1.1" 200 1352
::1 - - [03/Dec/2013:00:29:46 +0100] "GET /manager/themes/default/images/cc-gohome2-24x24.png HTTP/1.1" 200 1398
::1 - - [03/Dec/2013:00:29:46 +0100] "GET /manager/js/themes/base/images/ui-bg_glass_75_e6e6e6_1x400.png HTTP/1.1" 200 110
::1 - - [03/Dec/2013:00:29:46 +0100] "GET /manager/js/pathSelector/arrowrgt.gif HTTP/1.1" 200 825
::1 - - [03/Dec/2013:00:29:46 +0100] "GET /manager/js/pathSelector/pathSelector.php?value=1 HTTP/1.1" 200 2
::1 - - [03/Dec/2013:00:32:44 +0100] "GET /manager/index.php HTTP/1.1" 200 421
::1 - - [03/Dec/2013:00:33:10 +0100] "GET /manager/index.php HTTP/1.1" 200 10453
::1 - - [03/Dec/2013:00:33:12 +0100] "GET /manager/themes/default/style.css HTTP/1.1" 304 -
::1 - - [03/Dec/2013:00:33:12 +0100] "GET /manager/js/jquery.last.min.js HTTP/1.1" 304 -
::1 - - [03/Dec/2013:00:33:12 +0100] "GET /manager/js/ui/jquery-ui.custom.min.js HTTP/1.1" 304 -
::1 - - [03/Dec/2013:00:33:12 +0100] "GET /manager/js/jquery-migrate-1.2.1.js HTTP/1.1" 304 -
::1 - - [03/Dec/2013:00:33:12 +0100] "GET /manager/js/themes/base/jquery.ui.all.css HTTP/1.1" 304 -
::1 - - [03/Dec/2013:00:33:12 +0100] "GET /manager/js/pathSelector/jquery.pathSelector-plume.css HTTP/1.1" 304 -
::1 - - [03/Dec/2013:00:33:12 +0100] "GET /manager/js/pathSelector/jquery.pathSelector.js HTTP/1.1" 304 -
::1 - - [03/Dec/2013:00:33:12 +0100] "GET /manager/tools.js HTTP/1.1" 304 -
::1 - - [03/Dec/2013:00:33:12 +0100] "GET /manager/js/pathSelector/jquery.pathSelector.contextMenu.js HTTP/1.1" 304 -
::1 - - [03/Dec/2013:00:33:12 +0100] "GET /manager/js/themes/base/jquery.ui.base.css HTTP/1.1" 304 -
::1 - - [03/Dec/2013:00:33:12 +0100] "GET /manager/js/themes/base/jquery.ui.theme.css HTTP/1.1" 304 -
::1 - - [03/Dec/2013:00:33:12 +0100] "GET /manager/js/themes/base/jquery.ui.resizable.css HTTP/1.1" 304 -
::1 - - [03/Dec/2013:00:33:12 +0100] "GET /manager/js/themes/base/jquery.ui.core.css HTTP/1.1" 304 -
::1 - - [03/Dec/2013:00:33:12 +0100] "GET /manager/js/themes/base/jquery.ui.selectable.css HTTP/1.1" 304 -
::1 - - [03/Dec/2013:00:33:12 +0100] "GET /manager/js/themes/base/jquery.ui.accordion.css HTTP/1.1" 304 -
::1 - - [03/Dec/2013:00:33:12 +0100] "GET /manager/js/themes/base/jquery.ui.autocomplete.css HTTP/1.1" 304 -
::1 - - [03/Dec/2013:00:33:12 +0100] "GET /manager/js/themes/base/jquery.ui.button.css HTTP/1.1" 304 -
::1 - - [03/Dec/2013:00:33:12 +0100] "GET /manager/js/themes/base/jquery.ui.dialog.css HTTP/1.1" 304 -
::1 - - [03/Dec/2013:00:33:12 +0100] "GET /manager/js/themes/base/jquery.ui.slider.css HTTP/1.1" 304 -
::1 - - [03/Dec/2013:00:33:12 +0100] "GET /manager/js/themes/base/jquery.ui.tabs.css HTTP/1.1" 304 -
::1 - - [03/Dec/2013:00:33:12 +0100] "GET /manager/js/themes/base/jquery.ui.datepicker.css HTTP/1.1" 304 -
::1 - - [03/Dec/2013:00:33:12 +0100] "GET /manager/js/themes/base/jquery.ui.progressbar.css HTTP/1.1" 304 -
::1 - - [03/Dec/2013:00:33:12 +0100] "GET /manager/themes/default/images/ico_content.png HTTP/1.1" 304 -
::1 - - [03/Dec/2013:00:33:12 +0100] "GET /manager/themes/default/images/ico_comments.png HTTP/1.1" 304 -
::1 - - [03/Dec/2013:00:33:12 +0100] "GET /manager/themes/default/images/ico_cat.png HTTP/1.1" 304 -
::1 - - [03/Dec/2013:00:33:12 +0100] "GET /manager/themes/default/images/ico_pref.png HTTP/1.1" 304 -
::1 - - [03/Dec/2013:00:33:12 +0100] "GET /manager/themes/default/images/ico_authors.png HTTP/1.1" 304 -
::1 - - [03/Dec/2013:00:33:12 +0100] "GET /manager/themes/default/images/ico_tools.png HTTP/1.1" 304 -
::1 - - [03/Dec/2013:00:33:12 +0100] "GET /manager/themes/default/images/ico_sites.png HTTP/1.1" 304 -
::1 - - [03/Dec/2013:00:33:12 +0100] "GET /manager/themes/default/images/ico_help.png HTTP/1.1" 304 -
::1 - - [03/Dec/2013:00:33:12 +0100] "GET /manager/themes/default/images/ico_news.png HTTP/1.1" 304 -
::1 - - [03/Dec/2013:00:33:12 +0100] "GET /manager/themes/default/images/ico_article.png HTTP/1.1" 304 -
::1 - - [03/Dec/2013:00:33:12 +0100] "GET /manager/themes/default/images/ico_datetime.png HTTP/1.1" 304 -
::1 - - [03/Dec/2013:00:33:12 +0100] "GET /manager/themes/default/images/rss.png HTTP/1.1" 304 -
::1 - - [03/Dec/2013:00:33:12 +0100] "GET /manager/themes/default/images/ico_image.png HTTP/1.1" 304 -
::1 - - [03/Dec/2013:00:33:12 +0100] "GET /manager/themes/default/images/ico_site.png HTTP/1.1" 304 -
::1 - - [03/Dec/2013:00:33:12 +0100] "GET /manager/themes/default/images/plume-cms-powered.png HTTP/1.1" 304 -
::1 - - [03/Dec/2013:00:33:12 +0100] "GET /manager/themes/default/images/bg-header.png HTTP/1.1" 304 -
::1 - - [03/Dec/2013:00:33:12 +0100] "GET /manager/themes/default/images/bg-header-light.png HTTP/1.1" 304 -
::1 - - [03/Dec/2013:00:33:12 +0100] "GET /manager/themes/default/images/ico_author.png HTTP/1.1" 304 -
::1 - - [03/Dec/2013:00:33:12 +0100] "GET /manager/themes/default/images/bg-header-light-gradient.png HTTP/1.1" 304 -
::1 - - [03/Dec/2013:00:33:12 +0100] "GET /manager/themes/default/images/stock_zoom-page.png HTTP/1.1" 304 -
::1 - - [03/Dec/2013:00:33:12 +0100] "GET /manager/themes/default/images/degrade_bleu.png HTTP/1.1" 304 -
::1 - - [03/Dec/2013:00:33:12 +0100] "GET /manager/themes/default/images/cc-gohome2-24x24.png HTTP/1.1" 304 -
::1 - - [03/Dec/2013:00:33:12 +0100] "GET /manager/js/themes/base/images/ui-bg_glass_75_e6e6e6_1x400.png HTTP/1.1" 304 -
::1 - - [03/Dec/2013:00:33:12 +0100] "GET /manager/js/pathSelector/arrowrgt.gif HTTP/1.1" 304 -
::1 - - [03/Dec/2013:00:33:12 +0100] "GET /manager/js/pathSelector/pathSelector.php?value=1 HTTP/1.1" 200 1753
::1 - - [03/Dec/2013:00:33:51 +0100] "GET /manager/index.php HTTP/1.1" 200 8825
::1 - - [03/Dec/2013:00:33:52 +0100] "GET /manager/themes/default/style.css HTTP/1.1" 304 -
::1 - - [03/Dec/2013:00:33:52 +0100] "GET /manager/js/jquery.last.min.js HTTP/1.1" 304 -
::1 - - [03/Dec/2013:00:33:52 +0100] "GET /manager/js/ui/jquery-ui.custom.min.js HTTP/1.1" 304 -
::1 - - [03/Dec/2013:00:33:52 +0100] "GET /manager/js/jquery-migrate-1.2.1.js HTTP/1.1" 304 -
::1 - - [03/Dec/2013:00:33:52 +0100] "GET /manager/js/themes/base/jquery.ui.all.css HTTP/1.1" 304 -
::1 - - [03/Dec/2013:00:33:52 +0100] "GET /manager/js/pathSelector/jquery.pathSelector-plume.css HTTP/1.1" 304 -
::1 - - [03/Dec/2013:00:33:52 +0100] "GET /manager/js/pathSelector/jquery.pathSelector.js HTTP/1.1" 304 -
::1 - - [03/Dec/2013:00:33:52 +0100] "GET /manager/js/pathSelector/jquery.pathSelector.contextMenu.js HTTP/1.1" 304 -
::1 - - [03/Dec/2013:00:33:52 +0100] "GET /manager/tools.js HTTP/1.1" 304 -
::1 - - [03/Dec/2013:00:33:52 +0100] "GET /manager/js/themes/base/jquery.ui.base.css HTTP/1.1" 304 -
::1 - - [03/Dec/2013:00:33:52 +0100] "GET /manager/js/themes/base/jquery.ui.theme.css HTTP/1.1" 304 -
::1 - - [03/Dec/2013:00:33:52 +0100] "GET /manager/js/themes/base/jquery.ui.core.css HTTP/1.1" 304 -
::1 - - [03/Dec/2013:00:33:52 +0100] "GET /manager/js/themes/base/jquery.ui.resizable.css HTTP/1.1" 304 -
::1 - - [03/Dec/2013:00:33:52 +0100] "GET /manager/js/themes/base/jquery.ui.selectable.css HTTP/1.1" 304 -
::1 - - [03/Dec/2013:00:33:52 +0100] "GET /manager/js/themes/base/jquery.ui.accordion.css HTTP/1.1" 304 -
::1 - - [03/Dec/2013:00:33:52 +0100] "GET /manager/js/themes/base/jquery.ui.autocomplete.css HTTP/1.1" 304 -
::1 - - [03/Dec/2013:00:33:52 +0100] "GET /manager/js/themes/base/jquery.ui.button.css HTTP/1.1" 304 -
::1 - - [03/Dec/2013:00:33:52 +0100] "GET /manager/js/themes/base/jquery.ui.dialog.css HTTP/1.1" 304 -
::1 - - [03/Dec/2013:00:33:52 +0100] "GET /manager/js/themes/base/jquery.ui.slider.css HTTP/1.1" 304 -
::1 - - [03/Dec/2013:00:33:52 +0100] "GET /manager/js/themes/base/jquery.ui.tabs.css HTTP/1.1" 304 -
::1 - - [03/Dec/2013:00:33:52 +0100] "GET /manager/js/themes/base/jquery.ui.datepicker.css HTTP/1.1" 304 -
::1 - - [03/Dec/2013:00:33:52 +0100] "GET /manager/js/themes/base/jquery.ui.progressbar.css HTTP/1.1" 304 -
::1 - - [03/Dec/2013:00:33:52 +0100] "GET /manager/themes/default/images/ico_comments.png HTTP/1.1" 304 -
::1 - - [03/Dec/2013:00:33:52 +0100] "GET /manager/themes/default/images/ico_content.png HTTP/1.1" 304 -
::1 - - [03/Dec/2013:00:33:52 +0100] "GET /manager/themes/default/images/ico_cat.png HTTP/1.1" 304 -
::1 - - [03/Dec/2013:00:33:52 +0100] "GET /manager/themes/default/images/ico_pref.png HTTP/1.1" 304 -
::1 - - [03/Dec/2013:00:33:52 +0100] "GET /manager/themes/default/images/ico_authors.png HTTP/1.1" 304 -
::1 - - [03/Dec/2013:00:33:52 +0100] "GET /manager/themes/default/images/ico_tools.png HTTP/1.1" 304 -
::1 - - [03/Dec/2013:00:33:52 +0100] "GET /manager/themes/default/images/ico_sites.png HTTP/1.1" 304 -
::1 - - [03/Dec/2013:00:33:52 +0100] "GET /manager/themes/default/images/ico_help.png HTTP/1.1" 304 -
::1 - - [03/Dec/2013:00:33:52 +0100] "GET /manager/themes/default/images/ico_news.png HTTP/1.1" 304 -
::1 - - [03/Dec/2013:00:33:52 +0100] "GET /manager/themes/default/images/ico_article.png HTTP/1.1" 304 -
::1 - - [03/Dec/2013:00:33:52 +0100] "GET /manager/themes/default/images/ico_datetime.png HTTP/1.1" 304 -
::1 - - [03/Dec/2013:00:33:52 +0100] "GET /manager/themes/default/images/rss.png HTTP/1.1" 304 -
::1 - - [03/Dec/2013:00:33:52 +0100] "GET /manager/themes/default/images/ico_image.png HTTP/1.1" 304 -
::1 - - [03/Dec/2013:00:33:52 +0100] "GET /manager/themes/default/images/ico_site.png HTTP/1.1" 304 -
::1 - - [03/Dec/2013:00:33:52 +0100] "GET /manager/themes/default/images/plume-cms-powered.png HTTP/1.1" 304 -
::1 - - [03/Dec/2013:00:33:52 +0100] "GET /manager/themes/default/images/bg-header.png HTTP/1.1" 304 -
::1 - - [03/Dec/2013:00:33:52 +0100] "GET /manager/themes/default/images/bg-header-light.png HTTP/1.1" 304 -
::1 - - [03/Dec/2013:00:33:52 +0100] "GET /manager/themes/default/images/bg-header-light-gradient.png HTTP/1.1" 304 -
::1 - - [03/Dec/2013:00:33:52 +0100] "GET /manager/themes/default/images/ico_author.png HTTP/1.1" 304 -
::1 - - [03/Dec/2013:00:33:52 +0100] "GET /manager/themes/default/images/stock_zoom-page.png HTTP/1.1" 304 -
::1 - - [03/Dec/2013:00:33:52 +0100] "GET /manager/themes/default/images/cc-gohome2-24x24.png HTTP/1.1" 304 -
::1 - - [03/Dec/2013:00:33:52 +0100] "GET /manager/themes/default/images/degrade_bleu.png HTTP/1.1" 304 -
::1 - - [03/Dec/2013:00:33:52 +0100] "GET /manager/js/themes/base/images/ui-bg_glass_75_e6e6e6_1x400.png HTTP/1.1" 304 -
::1 - - [03/Dec/2013:00:33:52 +0100] "GET /manager/js/pathSelector/arrowrgt.gif HTTP/1.1" 304 -
::1 - - [03/Dec/2013:00:33:52 +0100] "GET /manager/js/pathSelector/pathSelector.php?value=1 HTTP/1.1" 200 2
::1 - - [03/Dec/2013:00:33:56 +0100] "GET /manager/comments.php HTTP/1.1" 200 6867
::1 - - [03/Dec/2013:00:33:57 +0100] "GET /manager/themes/default/images/ico_last_comments.png HTTP/1.1" 200 564
::1 - - [03/Dec/2013:00:33:58 +0100] "GET /manager/categories.php HTTP/1.1" 200 8920
::1 - - [03/Dec/2013:00:33:59 +0100] "GET /manager/themes/default/images/ico_new.png HTTP/1.1" 200 211
::1 - - [03/Dec/2013:00:33:59 +0100] "GET /manager/themes/default/images/ico_help_small.png HTTP/1.1" 200 412
::1 - - [03/Dec/2013:00:33:59 +0100] "GET /manager/themes/default/images/arrow-d.gif HTTP/1.1" 200 338
::1 - - [03/Dec/2013:00:33:59 +0100] "GET /manager/tools/ecm/themes/default/icon.png HTTP/1.1" 200 1284
::1 - - [03/Dec/2013:00:33:59 +0100] "GET /manager/js/pathSelector/pathSelector.php?value=1 HTTP/1.1" 200 2
::1 - - [03/Dec/2013:00:34:00 +0100] "GET /manager/users.php HTTP/1.1" 200 7172
::1 - - [03/Dec/2013:00:34:02 +0100] "GET /manager/themes/default/images/ico_groups.png HTTP/1.1" 200 1612
::1 - - [03/Dec/2013:00:34:03 +0100] "GET /manager/prefs.php HTTP/1.1" 200 8321
::1 - - [03/Dec/2013:00:34:05 +0100] "GET /manager/tools.php HTTP/1.1" 200 9633
::1 - - [03/Dec/2013:00:34:07 +0100] "GET /manager/tools/alertcom/themes/default/icon.png HTTP/1.1" 200 1068
::1 - - [03/Dec/2013:00:34:07 +0100] "GET /manager/tools/babel/themes/default/icon.png HTTP/1.1" 200 531
::1 - - [03/Dec/2013:00:34:07 +0100] "GET /manager/tools/eventCalendar/themes/default/icon.png HTTP/1.1" 200 3229
::1 - - [03/Dec/2013:00:34:07 +0100] "GET /manager/tools/bot/themes/default/icon.png HTTP/1.1" 200 1673
::1 - - [03/Dec/2013:00:34:07 +0100] "GET /manager/tools/fullcalendar/themes/default/icon.png HTTP/1.1" 200 845
::1 - - [03/Dec/2013:00:34:07 +0100] "GET /manager/tools/gallery/themes/default/icon.png HTTP/1.1" 200 6908
::1 - - [03/Dec/2013:00:34:07 +0100] "GET /manager/tools/htaccess/themes/default/icon.png HTTP/1.1" 200 2085
::1 - - [03/Dec/2013:00:34:07 +0100] "GET /manager/tools/info/themes/default/icon.png HTTP/1.1" 200 612
::1 - - [03/Dec/2013:00:34:07 +0100] "GET /manager/tools/pdfViewer/themes/default/icon.png HTTP/1.1" 200 845
::1 - - [03/Dec/2013:00:34:07 +0100] "GET /manager/tools/link/themes/default/icon.png HTTP/1.1" 200 2455
::1 - - [03/Dec/2013:00:34:07 +0100] "GET /manager/tools/plumeconf/themes/default/icon.png HTTP/1.1" 200 1260
::1 - - [03/Dec/2013:00:34:07 +0100] "GET /manager/tools/searchmng/themes/default/icon.png HTTP/1.1" 200 1688
::1 - - [03/Dec/2013:00:34:07 +0100] "GET /manager/tools/smart404/themes/default/icon.png HTTP/1.1" 200 1198
::1 - - [03/Dec/2013:00:34:07 +0100] "GET /manager/tools/teditor/themes/default/icon.png HTTP/1.1" 200 1945
::1 - - [03/Dec/2013:00:34:07 +0100] "GET /manager/tools/toolsmng/themes/default/icon.png HTTP/1.1" 200 1370
::1 - - [03/Dec/2013:00:34:11 +0100] "GET /manager/sites.php HTTP/1.1" 200 7213
::1 - - [03/Dec/2013:00:34:13 +0100] "GET /manager/sites.php?site_id=default HTTP/1.1" 200 19241
::1 - - [03/Dec/2013:00:34:15 +0100] "GET /manager/themes/default/images/ico_back.png HTTP/1.1" 200 766
::1 - - [03/Dec/2013:00:34:15 +0100] "GET /manager/templates/brujoen/preview.png HTTP/1.1" 200 51282
::1 - - [03/Dec/2013:00:34:15 +0100] "GET /manager/templates/aslc/preview.png HTTP/1.1" 200 22974
::1 - - [03/Dec/2013:00:34:15 +0100] "GET /manager/templates/orange/preview.png HTTP/1.1" 200 42739
::1 - - [03/Dec/2013:00:34:15 +0100] "GET /manager/templates/default/preview.png HTTP/1.1" 200 55141
::1 - - [03/Dec/2013:00:34:15 +0100] "GET /manager/templates/cherry/preview.png HTTP/1.1" 200 11808
::1 - - [03/Dec/2013:00:34:15 +0100] "GET /manager/templates/pstango/preview.png HTTP/1.1" 200 18687
::1 - - [03/Dec/2013:00:34:34 +0100] "GET /manager/login.php?logout=1 HTTP/1.1" 302 -
::1 - - [03/Dec/2013:00:34:34 +0100] "GET /manager/index.php HTTP/1.1" 302 -
::1 - - [03/Dec/2013:00:34:34 +0100] "GET /manager/login.php HTTP/1.1" 200 1299
