[Mon Jun 24 22:34:45.345270 2013] [:error] [pid 6584:tid 1944] [client ::1:51710] script 'D:/user/www/Pont-Pean/plume/manager/pathSelector.php' not found or unable to stat, referer: http://localhost:8021/manager/categories.php?category_id=151
[Tue Jun 25 22:53:19.682000 2013] [access_compat:error] [pid 6584:tid 1872] [client ::1:59347] AH01797: client denied by server configuration: D:/xampp/apache/icons/blank.gif, referer: http://localhost:8021/manager/js/superfish/
[Tue Jun 25 22:53:19.683001 2013] [access_compat:error] [pid 6584:tid 1872] [client ::1:59347] AH01797: client denied by server configuration: D:/xampp/apache/error/HTTP_FORBIDDEN.html.var, referer: http://localhost:8021/manager/js/superfish/
[Tue Jun 25 22:53:19.684001 2013] [access_compat:error] [pid 6584:tid 1876] [client ::1:59348] AH01797: client denied by server configuration: D:/xampp/apache/icons/back.gif, referer: http://localhost:8021/manager/js/superfish/
[Tue Jun 25 22:53:19.684001 2013] [access_compat:error] [pid 6584:tid 1876] [client ::1:59348] AH01797: client denied by server configuration: D:/xampp/apache/error/HTTP_FORBIDDEN.html.var, referer: http://localhost:8021/manager/js/superfish/
[Tue Jun 25 22:53:19.685002 2013] [access_compat:error] [pid 6584:tid 1924] [client ::1:59349] AH01797: client denied by server configuration: D:/xampp/apache/icons/text.gif, referer: http://localhost:8021/manager/js/superfish/
[Tue Jun 25 22:53:19.686004 2013] [access_compat:error] [pid 6584:tid 1924] [client ::1:59349] AH01797: client denied by server configuration: D:/xampp/apache/error/HTTP_FORBIDDEN.html.var, referer: http://localhost:8021/manager/js/superfish/
[Tue Jun 25 22:53:19.687004 2013] [access_compat:error] [pid 6584:tid 1872] [client ::1:59347] AH01797: client denied by server configuration: D:/xampp/apache/icons/unknown.gif, referer: http://localhost:8021/manager/js/superfish/
[Tue Jun 25 22:53:19.687004 2013] [access_compat:error] [pid 6584:tid 1872] [client ::1:59347] AH01797: client denied by server configuration: D:/xampp/apache/error/HTTP_FORBIDDEN.html.var, referer: http://localhost:8021/manager/js/superfish/
[Tue Jun 25 22:53:19.688004 2013] [access_compat:error] [pid 6584:tid 1944] [client ::1:59350] AH01797: client denied by server configuration: D:/xampp/apache/icons/folder.gif, referer: http://localhost:8021/manager/js/superfish/
[Tue Jun 25 22:53:19.688004 2013] [access_compat:error] [pid 6584:tid 1944] [client ::1:59350] AH01797: client denied by server configuration: D:/xampp/apache/error/HTTP_FORBIDDEN.html.var, referer: http://localhost:8021/manager/js/superfish/
[Tue Jun 25 22:54:06.785464 2013] [access_compat:error] [pid 6584:tid 1944] [client ::1:59363] AH01797: client denied by server configuration: D:/xampp/apache/icons/blank.gif, referer: http://localhost:8021/manager/js/superfish/
[Tue Jun 25 22:54:06.786463 2013] [access_compat:error] [pid 6584:tid 1944] [client ::1:59363] AH01797: client denied by server configuration: D:/xampp/apache/error/HTTP_FORBIDDEN.html.var, referer: http://localhost:8021/manager/js/superfish/
[Tue Jun 25 22:54:06.789465 2013] [access_compat:error] [pid 6584:tid 1944] [client ::1:59363] AH01797: client denied by server configuration: D:/xampp/apache/icons/back.gif, referer: http://localhost:8021/manager/js/superfish/
[Tue Jun 25 22:54:06.789465 2013] [access_compat:error] [pid 6584:tid 1920] [client ::1:59372] AH01797: client denied by server configuration: D:/xampp/apache/icons/text.gif, referer: http://localhost:8021/manager/js/superfish/
[Tue Jun 25 22:54:06.790466 2013] [access_compat:error] [pid 6584:tid 1944] [client ::1:59363] AH01797: client denied by server configuration: D:/xampp/apache/error/HTTP_FORBIDDEN.html.var, referer: http://localhost:8021/manager/js/superfish/
[Tue Jun 25 22:54:06.791467 2013] [access_compat:error] [pid 6584:tid 1920] [client ::1:59372] AH01797: client denied by server configuration: D:/xampp/apache/error/HTTP_FORBIDDEN.html.var, referer: http://localhost:8021/manager/js/superfish/
[Tue Jun 25 22:54:06.792468 2013] [access_compat:error] [pid 6584:tid 1872] [client ::1:59373] AH01797: client denied by server configuration: D:/xampp/apache/icons/unknown.gif, referer: http://localhost:8021/manager/js/superfish/
[Tue Jun 25 22:54:06.793468 2013] [access_compat:error] [pid 6584:tid 1872] [client ::1:59373] AH01797: client denied by server configuration: D:/xampp/apache/error/HTTP_FORBIDDEN.html.var, referer: http://localhost:8021/manager/js/superfish/
[Tue Jun 25 22:54:06.793468 2013] [access_compat:error] [pid 6584:tid 1924] [client ::1:59374] AH01797: client denied by server configuration: D:/xampp/apache/icons/folder.gif, referer: http://localhost:8021/manager/js/superfish/
[Tue Jun 25 22:54:06.793468 2013] [access_compat:error] [pid 6584:tid 1924] [client ::1:59374] AH01797: client denied by server configuration: D:/xampp/apache/error/HTTP_FORBIDDEN.html.var, referer: http://localhost:8021/manager/js/superfish/
[Tue Jun 25 22:54:11.880868 2013] [access_compat:error] [pid 6584:tid 1876] [client ::1:59382] AH01797: client denied by server configuration: D:/xampp/apache/icons/blank.gif, referer: http://localhost:8021/manager/js/superfish/
[Tue Jun 25 22:54:11.881869 2013] [access_compat:error] [pid 6584:tid 1876] [client ::1:59382] AH01797: client denied by server configuration: D:/xampp/apache/error/HTTP_FORBIDDEN.html.var, referer: http://localhost:8021/manager/js/superfish/
[Tue Jun 25 22:54:11.882869 2013] [access_compat:error] [pid 6584:tid 1924] [client ::1:59383] AH01797: client denied by server configuration: D:/xampp/apache/icons/back.gif, referer: http://localhost:8021/manager/js/superfish/
[Tue Jun 25 22:54:11.883868 2013] [access_compat:error] [pid 6584:tid 1924] [client ::1:59383] AH01797: client denied by server configuration: D:/xampp/apache/error/HTTP_FORBIDDEN.html.var, referer: http://localhost:8021/manager/js/superfish/
[Tue Jun 25 22:54:11.884869 2013] [access_compat:error] [pid 6584:tid 1876] [client ::1:59382] AH01797: client denied by server configuration: D:/xampp/apache/icons/text.gif, referer: http://localhost:8021/manager/js/superfish/
[Tue Jun 25 22:54:11.884869 2013] [access_compat:error] [pid 6584:tid 1872] [client ::1:59384] AH01797: client denied by server configuration: D:/xampp/apache/icons/unknown.gif, referer: http://localhost:8021/manager/js/superfish/
[Tue Jun 25 22:54:11.885869 2013] [access_compat:error] [pid 6584:tid 1872] [client ::1:59384] AH01797: client denied by server configuration: D:/xampp/apache/error/HTTP_FORBIDDEN.html.var, referer: http://localhost:8021/manager/js/superfish/
[Tue Jun 25 22:54:11.885869 2013] [access_compat:error] [pid 6584:tid 1876] [client ::1:59382] AH01797: client denied by server configuration: D:/xampp/apache/error/HTTP_FORBIDDEN.html.var, referer: http://localhost:8021/manager/js/superfish/
[Tue Jun 25 22:54:11.886870 2013] [access_compat:error] [pid 6584:tid 1920] [client ::1:59385] AH01797: client denied by server configuration: D:/xampp/apache/icons/folder.gif, referer: http://localhost:8021/manager/js/superfish/
[Tue Jun 25 22:54:11.886870 2013] [access_compat:error] [pid 6584:tid 1920] [client ::1:59385] AH01797: client denied by server configuration: D:/xampp/apache/error/HTTP_FORBIDDEN.html.var, referer: http://localhost:8021/manager/js/superfish/
[Tue Jun 25 22:55:20.975017 2013] [access_compat:error] [pid 6584:tid 1872] [client ::1:59443] AH01797: client denied by server configuration: D:/xampp/apache/icons/blank.gif, referer: http://localhost:8021/manager/js/superfish/
[Tue Jun 25 22:55:20.976019 2013] [access_compat:error] [pid 6584:tid 1872] [client ::1:59443] AH01797: client denied by server configuration: D:/xampp/apache/error/HTTP_FORBIDDEN.html.var, referer: http://localhost:8021/manager/js/superfish/
[Tue Jun 25 22:55:20.980021 2013] [access_compat:error] [pid 6584:tid 1872] [client ::1:59443] AH01797: client denied by server configuration: D:/xampp/apache/icons/back.gif, referer: http://localhost:8021/manager/js/superfish/
[Tue Jun 25 22:55:20.981021 2013] [access_compat:error] [pid 6584:tid 1872] [client ::1:59443] AH01797: client denied by server configuration: D:/xampp/apache/error/HTTP_FORBIDDEN.html.var, referer: http://localhost:8021/manager/js/superfish/
[Tue Jun 25 22:55:20.982022 2013] [access_compat:error] [pid 6584:tid 1944] [client ::1:59444] AH01797: client denied by server configuration: D:/xampp/apache/icons/text.gif, referer: http://localhost:8021/manager/js/superfish/
[Tue Jun 25 22:55:20.983023 2013] [access_compat:error] [pid 6584:tid 1924] [client ::1:59445] AH01797: client denied by server configuration: D:/xampp/apache/icons/unknown.gif, referer: http://localhost:8021/manager/js/superfish/
[Tue Jun 25 22:55:20.984024 2013] [access_compat:error] [pid 6584:tid 1924] [client ::1:59445] AH01797: client denied by server configuration: D:/xampp/apache/error/HTTP_FORBIDDEN.html.var, referer: http://localhost:8021/manager/js/superfish/
[Tue Jun 25 22:55:20.984024 2013] [access_compat:error] [pid 6584:tid 1944] [client ::1:59444] AH01797: client denied by server configuration: D:/xampp/apache/error/HTTP_FORBIDDEN.html.var, referer: http://localhost:8021/manager/js/superfish/
[Tue Jun 25 22:55:20.987025 2013] [access_compat:error] [pid 6584:tid 1864] [client ::1:59446] AH01797: client denied by server configuration: D:/xampp/apache/icons/folder.gif, referer: http://localhost:8021/manager/js/superfish/
[Tue Jun 25 22:55:20.987025 2013] [access_compat:error] [pid 6584:tid 1864] [client ::1:59446] AH01797: client denied by server configuration: D:/xampp/apache/error/HTTP_FORBIDDEN.html.var, referer: http://localhost:8021/manager/js/superfish/
[Tue Jun 25 22:55:23.330591 2013] [access_compat:error] [pid 6584:tid 1924] [client ::1:59445] AH01797: client denied by server configuration: D:/xampp/apache/icons/blank.gif, referer: http://localhost:8021/manager/js/superfish/tests/
[Tue Jun 25 22:55:23.332593 2013] [access_compat:error] [pid 6584:tid 1924] [client ::1:59445] AH01797: client denied by server configuration: D:/xampp/apache/error/HTTP_FORBIDDEN.html.var, referer: http://localhost:8021/manager/js/superfish/tests/
[Tue Jun 25 22:55:23.332593 2013] [access_compat:error] [pid 6584:tid 1864] [client ::1:59446] AH01797: client denied by server configuration: D:/xampp/apache/icons/back.gif, referer: http://localhost:8021/manager/js/superfish/tests/
[Tue Jun 25 22:55:23.333593 2013] [access_compat:error] [pid 6584:tid 1872] [client ::1:59443] AH01797: client denied by server configuration: D:/xampp/apache/icons/folder.gif, referer: http://localhost:8021/manager/js/superfish/tests/
[Tue Jun 25 22:55:23.333593 2013] [access_compat:error] [pid 6584:tid 1864] [client ::1:59446] AH01797: client denied by server configuration: D:/xampp/apache/error/HTTP_FORBIDDEN.html.var, referer: http://localhost:8021/manager/js/superfish/tests/
[Tue Jun 25 22:55:23.333593 2013] [access_compat:error] [pid 6584:tid 1872] [client ::1:59443] AH01797: client denied by server configuration: D:/xampp/apache/error/HTTP_FORBIDDEN.html.var, referer: http://localhost:8021/manager/js/superfish/tests/
[Tue Jun 25 22:55:25.319921 2013] [access_compat:error] [pid 6584:tid 1924] [client ::1:59445] AH01797: client denied by server configuration: D:/xampp/apache/icons/blank.gif, referer: http://localhost:8021/manager/js/superfish/tests/specs/
[Tue Jun 25 22:55:25.320920 2013] [access_compat:error] [pid 6584:tid 1924] [client ::1:59445] AH01797: client denied by server configuration: D:/xampp/apache/error/HTTP_FORBIDDEN.html.var, referer: http://localhost:8021/manager/js/superfish/tests/specs/
[Tue Jun 25 22:55:25.370954 2013] [access_compat:error] [pid 6584:tid 1924] [client ::1:59445] AH01797: client denied by server configuration: D:/xampp/apache/icons/back.gif, referer: http://localhost:8021/manager/js/superfish/tests/specs/
[Tue Jun 25 22:55:25.371954 2013] [access_compat:error] [pid 6584:tid 1864] [client ::1:59446] AH01797: client denied by server configuration: D:/xampp/apache/icons/unknown.gif, referer: http://localhost:8021/manager/js/superfish/tests/specs/
[Tue Jun 25 22:55:25.371954 2013] [access_compat:error] [pid 6584:tid 1924] [client ::1:59445] AH01797: client denied by server configuration: D:/xampp/apache/error/HTTP_FORBIDDEN.html.var, referer: http://localhost:8021/manager/js/superfish/tests/specs/
[Tue Jun 25 22:55:25.371954 2013] [access_compat:error] [pid 6584:tid 1864] [client ::1:59446] AH01797: client denied by server configuration: D:/xampp/apache/error/HTTP_FORBIDDEN.html.var, referer: http://localhost:8021/manager/js/superfish/tests/specs/
[Tue Jun 25 22:55:28.188835 2013] [access_compat:error] [pid 6584:tid 1924] [client ::1:59445] AH01797: client denied by server configuration: D:/xampp/apache/icons/blank.gif, referer: http://localhost:8021/manager/js/superfish/tests/
[Tue Jun 25 22:55:28.189836 2013] [access_compat:error] [pid 6584:tid 1864] [client ::1:59446] AH01797: client denied by server configuration: D:/xampp/apache/icons/back.gif, referer: http://localhost:8021/manager/js/superfish/tests/
[Tue Jun 25 22:55:28.189836 2013] [access_compat:error] [pid 6584:tid 1924] [client ::1:59445] AH01797: client denied by server configuration: D:/xampp/apache/error/HTTP_FORBIDDEN.html.var, referer: http://localhost:8021/manager/js/superfish/tests/
[Tue Jun 25 22:55:28.190837 2013] [access_compat:error] [pid 6584:tid 1872] [client ::1:59443] AH01797: client denied by server configuration: D:/xampp/apache/icons/folder.gif, referer: http://localhost:8021/manager/js/superfish/tests/
[Tue Jun 25 22:55:28.190837 2013] [access_compat:error] [pid 6584:tid 1864] [client ::1:59446] AH01797: client denied by server configuration: D:/xampp/apache/error/HTTP_FORBIDDEN.html.var, referer: http://localhost:8021/manager/js/superfish/tests/
[Tue Jun 25 22:55:28.191838 2013] [access_compat:error] [pid 6584:tid 1872] [client ::1:59443] AH01797: client denied by server configuration: D:/xampp/apache/error/HTTP_FORBIDDEN.html.var, referer: http://localhost:8021/manager/js/superfish/tests/
[Tue Jun 25 22:55:30.170159 2013] [access_compat:error] [pid 6584:tid 1924] [client ::1:59445] AH01797: client denied by server configuration: D:/xampp/apache/icons/blank.gif, referer: http://localhost:8021/manager/js/superfish/tests/helpers/
[Tue Jun 25 22:55:30.170159 2013] [access_compat:error] [pid 6584:tid 1864] [client ::1:59446] AH01797: client denied by server configuration: D:/xampp/apache/icons/back.gif, referer: http://localhost:8021/manager/js/superfish/tests/helpers/
[Tue Jun 25 22:55:30.171161 2013] [access_compat:error] [pid 6584:tid 1924] [client ::1:59445] AH01797: client denied by server configuration: D:/xampp/apache/error/HTTP_FORBIDDEN.html.var, referer: http://localhost:8021/manager/js/superfish/tests/helpers/
[Tue Jun 25 22:55:30.171161 2013] [access_compat:error] [pid 6584:tid 1864] [client ::1:59446] AH01797: client denied by server configuration: D:/xampp/apache/error/HTTP_FORBIDDEN.html.var, referer: http://localhost:8021/manager/js/superfish/tests/helpers/
[Tue Jun 25 22:55:30.218192 2013] [access_compat:error] [pid 6584:tid 1924] [client ::1:59445] AH01797: client denied by server configuration: D:/xampp/apache/icons/unknown.gif, referer: http://localhost:8021/manager/js/superfish/tests/helpers/
[Tue Jun 25 22:55:30.219192 2013] [access_compat:error] [pid 6584:tid 1924] [client ::1:59445] AH01797: client denied by server configuration: D:/xampp/apache/error/HTTP_FORBIDDEN.html.var, referer: http://localhost:8021/manager/js/superfish/tests/helpers/
[Tue Jun 25 22:55:34.450018 2013] [access_compat:error] [pid 6584:tid 1924] [client ::1:59445] AH01797: client denied by server configuration: D:/xampp/apache/icons/blank.gif, referer: http://localhost:8021/manager/js/superfish/tests/
[Tue Jun 25 22:55:34.451019 2013] [access_compat:error] [pid 6584:tid 1864] [client ::1:59446] AH01797: client denied by server configuration: D:/xampp/apache/icons/back.gif, referer: http://localhost:8021/manager/js/superfish/tests/
[Tue Jun 25 22:55:34.451019 2013] [access_compat:error] [pid 6584:tid 1924] [client ::1:59445] AH01797: client denied by server configuration: D:/xampp/apache/error/HTTP_FORBIDDEN.html.var, referer: http://localhost:8021/manager/js/superfish/tests/
[Tue Jun 25 22:55:34.451019 2013] [access_compat:error] [pid 6584:tid 1864] [client ::1:59446] AH01797: client denied by server configuration: D:/xampp/apache/error/HTTP_FORBIDDEN.html.var, referer: http://localhost:8021/manager/js/superfish/tests/
[Tue Jun 25 22:55:34.454021 2013] [access_compat:error] [pid 6584:tid 1864] [client ::1:59446] AH01797: client denied by server configuration: D:/xampp/apache/icons/folder.gif, referer: http://localhost:8021/manager/js/superfish/tests/
[Tue Jun 25 22:55:34.454021 2013] [access_compat:error] [pid 6584:tid 1864] [client ::1:59446] AH01797: client denied by server configuration: D:/xampp/apache/error/HTTP_FORBIDDEN.html.var, referer: http://localhost:8021/manager/js/superfish/tests/
[Tue Jun 25 22:58:10.519266 2013] [access_compat:error] [pid 6584:tid 1872] [client ::1:59474] AH01797: client denied by server configuration: D:/xampp/apache/icons/blank.gif, referer: http://localhost:8021/manager/js/superfish/
[Tue Jun 25 22:58:10.519266 2013] [access_compat:error] [pid 6584:tid 1872] [client ::1:59474] AH01797: client denied by server configuration: D:/xampp/apache/error/HTTP_FORBIDDEN.html.var, referer: http://localhost:8021/manager/js/superfish/
[Tue Jun 25 22:58:10.522266 2013] [access_compat:error] [pid 6584:tid 1872] [client ::1:59474] AH01797: client denied by server configuration: D:/xampp/apache/icons/back.gif, referer: http://localhost:8021/manager/js/superfish/
[Tue Jun 25 22:58:10.523269 2013] [access_compat:error] [pid 6584:tid 1872] [client ::1:59474] AH01797: client denied by server configuration: D:/xampp/apache/error/HTTP_FORBIDDEN.html.var, referer: http://localhost:8021/manager/js/superfish/
[Tue Jun 25 22:58:10.523269 2013] [access_compat:error] [pid 6584:tid 1864] [client ::1:59475] AH01797: client denied by server configuration: D:/xampp/apache/icons/text.gif, referer: http://localhost:8021/manager/js/superfish/
[Tue Jun 25 22:58:10.524268 2013] [access_compat:error] [pid 6584:tid 1864] [client ::1:59475] AH01797: client denied by server configuration: D:/xampp/apache/error/HTTP_FORBIDDEN.html.var, referer: http://localhost:8021/manager/js/superfish/
[Tue Jun 25 22:58:10.524268 2013] [access_compat:error] [pid 6584:tid 1924] [client ::1:59476] AH01797: client denied by server configuration: D:/xampp/apache/icons/unknown.gif, referer: http://localhost:8021/manager/js/superfish/
[Tue Jun 25 22:58:10.525268 2013] [access_compat:error] [pid 6584:tid 1924] [client ::1:59476] AH01797: client denied by server configuration: D:/xampp/apache/error/HTTP_FORBIDDEN.html.var, referer: http://localhost:8021/manager/js/superfish/
[Tue Jun 25 22:58:10.526269 2013] [access_compat:error] [pid 6584:tid 1876] [client ::1:59477] AH01797: client denied by server configuration: D:/xampp/apache/icons/folder.gif, referer: http://localhost:8021/manager/js/superfish/
[Tue Jun 25 22:58:10.527271 2013] [access_compat:error] [pid 6584:tid 1876] [client ::1:59477] AH01797: client denied by server configuration: D:/xampp/apache/error/HTTP_FORBIDDEN.html.var, referer: http://localhost:8021/manager/js/superfish/
[Tue Jun 25 23:09:19.762284 2013] [access_compat:error] [pid 6584:tid 1924] [client ::1:59697] AH01797: client denied by server configuration: D:/xampp/apache/icons/blank.gif, referer: http://localhost:8021/manager/js/superfish/
[Tue Jun 25 23:09:19.763285 2013] [access_compat:error] [pid 6584:tid 1924] [client ::1:59697] AH01797: client denied by server configuration: D:/xampp/apache/error/HTTP_FORBIDDEN.html.var, referer: http://localhost:8021/manager/js/superfish/
[Tue Jun 25 23:09:19.766287 2013] [access_compat:error] [pid 6584:tid 1864] [client ::1:59698] AH01797: client denied by server configuration: D:/xampp/apache/icons/back.gif, referer: http://localhost:8021/manager/js/superfish/
[Tue Jun 25 23:09:19.766287 2013] [access_compat:error] [pid 6584:tid 1924] [client ::1:59697] AH01797: client denied by server configuration: D:/xampp/apache/icons/text.gif, referer: http://localhost:8021/manager/js/superfish/
[Tue Jun 25 23:09:19.767288 2013] [access_compat:error] [pid 6584:tid 1864] [client ::1:59698] AH01797: client denied by server configuration: D:/xampp/apache/error/HTTP_FORBIDDEN.html.var, referer: http://localhost:8021/manager/js/superfish/
[Tue Jun 25 23:09:19.767288 2013] [access_compat:error] [pid 6584:tid 1924] [client ::1:59697] AH01797: client denied by server configuration: D:/xampp/apache/error/HTTP_FORBIDDEN.html.var, referer: http://localhost:8021/manager/js/superfish/
[Tue Jun 25 23:09:19.768289 2013] [access_compat:error] [pid 6584:tid 1876] [client ::1:59699] AH01797: client denied by server configuration: D:/xampp/apache/icons/unknown.gif, referer: http://localhost:8021/manager/js/superfish/
[Tue Jun 25 23:09:19.768289 2013] [access_compat:error] [pid 6584:tid 1876] [client ::1:59699] AH01797: client denied by server configuration: D:/xampp/apache/error/HTTP_FORBIDDEN.html.var, referer: http://localhost:8021/manager/js/superfish/
[Tue Jun 25 23:09:19.770290 2013] [access_compat:error] [pid 6584:tid 1920] [client ::1:59700] AH01797: client denied by server configuration: D:/xampp/apache/icons/folder.gif, referer: http://localhost:8021/manager/js/superfish/
[Tue Jun 25 23:09:19.771292 2013] [access_compat:error] [pid 6584:tid 1920] [client ::1:59700] AH01797: client denied by server configuration: D:/xampp/apache/error/HTTP_FORBIDDEN.html.var, referer: http://localhost:8021/manager/js/superfish/
[Fri Aug 09 12:55:39.201496 2013] [:error] [pid 22360:tid 1740] [client ::1:55888] script 'D:/user/www/Pont-Pean/plume/sitemap.php' not found or unable to stat
[Mon Aug 12 20:56:48.788741 2013] [:error] [pid 57124:tid 1772] [client ::1:60445] script 'D:/user/www/Pont-Pean/plume/sitemap.php' not found or unable to stat, referer: http://localhost:8021/?/Vivre/Calendrier-des-evenements/&Annee=2013&Mois=6
[Mon Aug 12 21:00:02.193321 2013] [:error] [pid 57124:tid 1772] [client ::1:60466] script 'D:/user/www/Pont-Pean/plume/sitemap.php' not found or unable to stat, referer: http://localhost:8021/?/Vivre/Calendrier-des-evenements/&Annee=2013&Mois=6
[Mon Aug 12 21:00:54.322991 2013] [:error] [pid 57124:tid 1772] [client ::1:60487] script 'D:/user/www/Pont-Pean/plume/sitemap.php' not found or unable to stat, referer: http://localhost:8021/?/Vivre/Calendrier-des-evenements/&Annee=2013&Mois=6
[Mon Aug 12 21:02:10.971564 2013] [:error] [pid 57124:tid 1784] [client ::1:60499] script 'D:/user/www/Pont-Pean/plume/sitemap.php' not found or unable to stat, referer: http://localhost:8021/?/Vivre/Calendrier-des-evenements/&Annee=2013&Mois=6
[Mon Aug 12 21:03:39.071785 2013] [:error] [pid 57124:tid 1788] [client ::1:60512] script 'D:/user/www/Pont-Pean/plume/sitemap.php' not found or unable to stat, referer: http://localhost:8021/?/Vivre/Calendrier-des-evenements/&Annee=2013&Mois=6
[Mon Aug 12 21:04:14.261076 2013] [:error] [pid 57124:tid 1788] [client ::1:60524] script 'D:/user/www/Pont-Pean/plume/sitemap.php' not found or unable to stat, referer: http://localhost:8021/?/Vivre/Calendrier-des-evenements/&Annee=2013&Mois=6
[Mon Aug 12 21:05:02.639551 2013] [:error] [pid 57124:tid 1772] [client ::1:60536] script 'D:/user/www/Pont-Pean/plume/sitemap.php' not found or unable to stat, referer: http://localhost:8021/?/Vivre/Calendrier-des-evenements/&Annee=2013&Mois=6
[Mon Aug 12 21:11:58.452390 2013] [:error] [pid 57124:tid 1784] [client ::1:60578] script 'D:/user/www/Pont-Pean/plume/sitemap.php' not found or unable to stat, referer: http://localhost:8021/?/Vivre/Calendrier-des-evenements/&Annee=2013&Mois=6
[Mon Aug 12 21:12:51.690492 2013] [:error] [pid 57124:tid 1784] [client ::1:60592] script 'D:/user/www/Pont-Pean/plume/sitemap.php' not found or unable to stat, referer: http://localhost:8021/?/Vivre/Calendrier-des-evenements/&Annee=2013&Mois=6
[Mon Aug 12 21:17:28.157594 2013] [:error] [pid 57124:tid 1772] [client ::1:60608] script 'D:/user/www/Pont-Pean/plume/sitemap.php' not found or unable to stat, referer: http://localhost:8021/?/Vivre/Calendrier-des-evenements/&Annee=2013&Mois=6
[Mon Aug 12 21:17:42.862528 2013] [:error] [pid 57124:tid 1772] [client ::1:60615] script 'D:/user/www/Pont-Pean/plume/sitemap.php' not found or unable to stat, referer: http://localhost:8021/?/Vivre/Calendrier-des-evenements/&Annee=2013&Mois=6
[Mon Aug 12 21:17:55.660053 2013] [:error] [pid 57124:tid 1788] [client ::1:60629] script 'D:/user/www/Pont-Pean/plume/sitemap.php' not found or unable to stat, referer: http://localhost:8021/?/Vivre/Calendrier-des-evenements/&Annee=2013&Mois=6
[Mon Aug 12 21:18:47.085556 2013] [:error] [pid 57124:tid 1784] [client ::1:60641] script 'D:/user/www/Pont-Pean/plume/sitemap.php' not found or unable to stat, referer: http://localhost:8021/?/Vivre/Calendrier-des-evenements/&Annee=2013&Mois=6
[Mon Aug 12 21:18:56.977695 2013] [:error] [pid 57124:tid 1784] [client ::1:60653] script 'D:/user/www/Pont-Pean/plume/sitemap.php' not found or unable to stat, referer: http://localhost:8021/?/Vivre/Calendrier-des-evenements/&Annee=2013&Mois=6
[Mon Aug 12 21:19:12.416007 2013] [:error] [pid 57124:tid 1804] [client ::1:60665] script 'D:/user/www/Pont-Pean/plume/sitemap.php' not found or unable to stat, referer: http://localhost:8021/?/Vivre/Calendrier-des-evenements/&Annee=2013&Mois=6
[Mon Aug 12 21:34:23.076631 2013] [:error] [pid 57124:tid 1784] [client ::1:60699] script 'D:/user/www/Pont-Pean/plume/sitemap.php' not found or unable to stat, referer: http://localhost:8021/?/Vivre/Calendrier-des-evenements/&Annee=2013&Mois=6
[Mon Aug 12 21:35:16.737623 2013] [:error] [pid 57124:tid 1784] [client ::1:60704] script 'D:/user/www/Pont-Pean/plume/sitemap.php' not found or unable to stat, referer: http://localhost:8021/?/Vivre/Calendrier-des-evenements/&Annee=2013&Mois=6
[Mon Aug 12 21:37:51.859053 2013] [:error] [pid 57124:tid 1768] [client ::1:60738] script 'D:/user/www/Pont-Pean/plume/sitemap.php' not found or unable to stat, referer: http://localhost:8021/?/Vivre/Calendrier-des-evenements/&Annee=2013&Mois=6
[Mon Aug 12 21:38:09.234910 2013] [:error] [pid 57124:tid 1804] [client ::1:60748] script 'D:/user/www/Pont-Pean/plume/sitemap.php' not found or unable to stat, referer: http://localhost:8021/?/Vivre/Calendrier-des-evenements/&Annee=2013&Mois=6
[Mon Aug 12 21:43:02.981206 2013] [:error] [pid 57124:tid 1768] [client ::1:60763] script 'D:/user/www/Pont-Pean/plume/sitemap.php' not found or unable to stat, referer: http://localhost:8021/?/Vivre/Calendrier-des-evenements/&Annee=2013&Mois=6
[Mon Aug 12 21:44:26.094836 2013] [:error] [pid 57124:tid 1768] [client ::1:60777] script 'D:/user/www/Pont-Pean/plume/sitemap.php' not found or unable to stat, referer: http://localhost:8021/?/Vivre/Calendrier-des-evenements/&Annee=2013&Mois=6
[Mon Aug 12 21:58:21.022242 2013] [:error] [pid 57124:tid 1780] [client ::1:60836] script 'D:/user/www/Pont-Pean/plume/sitemap.php' not found or unable to stat, referer: http://localhost:8021/?/Vivre/Calendrier-des-evenements/&Annee=2013&Mois=6
[Mon Aug 12 22:02:31.305718 2013] [:error] [pid 57124:tid 1804] [client ::1:60851] script 'D:/user/www/Pont-Pean/plume/sitemap.php' not found or unable to stat, referer: http://localhost:8021/?/Vivre/Calendrier-des-evenements/&Annee=2013&Mois=6
[Mon Aug 12 22:03:17.903835 2013] [:error] [pid 57124:tid 1784] [client ::1:60865] script 'D:/user/www/Pont-Pean/plume/sitemap.php' not found or unable to stat, referer: http://localhost:8021/?/Vivre/Calendrier-des-evenements/&Annee=2013&Mois=6
[Mon Aug 12 22:03:47.031324 2013] [:error] [pid 57124:tid 1768] [client ::1:60878] script 'D:/user/www/Pont-Pean/plume/sitemap.php' not found or unable to stat, referer: http://localhost:8021/?/Vivre/Calendrier-des-evenements/&Annee=2013&Mois=6
[Mon Aug 12 22:05:05.021733 2013] [:error] [pid 57124:tid 1768] [client ::1:60891] script 'D:/user/www/Pont-Pean/plume/sitemap.php' not found or unable to stat, referer: http://localhost:8021/?/Vivre/Calendrier-des-evenements/&Annee=2013&Mois=6
[Mon Aug 12 22:06:54.954251 2013] [:error] [pid 57124:tid 1784] [client ::1:60903] script 'D:/user/www/Pont-Pean/plume/sitemap.php' not found or unable to stat, referer: http://localhost:8021/?/Vivre/Calendrier-des-evenements/&Annee=2013&Mois=6
[Mon Aug 12 22:07:35.551155 2013] [:error] [pid 57124:tid 1784] [client ::1:60926] script 'D:/user/www/Pont-Pean/plume/sitemap.php' not found or unable to stat, referer: http://localhost:8021/?/Vivre/Calendrier-des-evenements/&Annee=2013&Mois=6
[Mon Aug 12 22:08:04.772379 2013] [:error] [pid 57124:tid 1804] [client ::1:60940] script 'D:/user/www/Pont-Pean/plume/sitemap.php' not found or unable to stat, referer: http://localhost:8021/?/Vivre/Calendrier-des-evenements/&Annee=2013&Mois=6
[Mon Aug 12 22:08:23.898352 2013] [:error] [pid 57124:tid 1804] [client ::1:60952] script 'D:/user/www/Pont-Pean/plume/sitemap.php' not found or unable to stat, referer: http://localhost:8021/?/Vivre/Calendrier-des-evenements/&Annee=2013&Mois=6
[Mon Aug 12 22:08:48.853765 2013] [:error] [pid 57124:tid 1788] [client ::1:60964] script 'D:/user/www/Pont-Pean/plume/sitemap.php' not found or unable to stat, referer: http://localhost:8021/?/Vivre/Calendrier-des-evenements/&Annee=2013&Mois=6
[Mon Aug 12 22:09:31.873596 2013] [:error] [pid 57124:tid 1768] [client ::1:60980] script 'D:/user/www/Pont-Pean/plume/sitemap.php' not found or unable to stat, referer: http://localhost:8021/?/Vivre/Calendrier-des-evenements/&Annee=2013&Mois=6
[Mon Aug 12 22:12:20.624717 2013] [:error] [pid 57124:tid 1768] [client ::1:60992] script 'D:/user/www/Pont-Pean/plume/sitemap.php' not found or unable to stat, referer: http://localhost:8021/?/Vivre/Calendrier-des-evenements/&Annee=2013&Mois=6
[Mon Aug 12 22:12:28.187628 2013] [:error] [pid 57124:tid 1768] [client ::1:60998] script 'D:/user/www/Pont-Pean/plume/sitemap.php' not found or unable to stat, referer: http://localhost:8021/?/Vivre/Calendrier-des-evenements/&Annee=2013&Mois=6
[Mon Aug 12 22:13:51.241813 2013] [:error] [pid 57124:tid 1780] [client ::1:61015] script 'D:/user/www/Pont-Pean/plume/sitemap.php' not found or unable to stat, referer: http://localhost:8021/?/Vivre/Calendrier-des-evenements/&Annee=2013&Mois=6
[Mon Aug 12 22:15:36.609637 2013] [:error] [pid 57124:tid 1772] [client ::1:61031] script 'D:/user/www/Pont-Pean/plume/sitemap.php' not found or unable to stat, referer: http://localhost:8021/?/Vivre/Calendrier-des-evenements/&Annee=2013&Mois=6
[Mon Aug 12 22:18:14.248880 2013] [:error] [pid 57124:tid 1772] [client ::1:61036] script 'D:/user/www/Pont-Pean/plume/sitemap.php' not found or unable to stat, referer: http://localhost:8021/?/Vivre/Calendrier-des-evenements/&Annee=2013&Mois=6
[Mon Aug 12 22:19:16.971859 2013] [:error] [pid 57124:tid 1772] [client ::1:61043] script 'D:/user/www/Pont-Pean/plume/sitemap.php' not found or unable to stat, referer: http://localhost:8021/?/Vivre/Calendrier-des-evenements/&Annee=2013&Mois=6
[Mon Aug 12 22:20:56.135149 2013] [:error] [pid 57124:tid 1772] [client ::1:61050] script 'D:/user/www/Pont-Pean/plume/sitemap.php' not found or unable to stat, referer: http://localhost:8021/?/Vivre/Calendrier-des-evenements/&Annee=2013&Mois=6
[Mon Aug 12 22:20:58.416540 2013] [:error] [pid 57124:tid 1772] [client ::1:61050] script 'D:/user/www/Pont-Pean/plume/sitemap.php' not found or unable to stat, referer: http://localhost:8021/?/Vivre/Calendrier-des-evenements/&Annee=2013&Mois=6
[Mon Aug 12 22:26:42.946304 2013] [:error] [pid 57124:tid 1772] [client ::1:61087] script 'D:/user/www/Pont-Pean/plume/sitemap.php' not found or unable to stat, referer: http://localhost:8021/?/Vivre/Calendrier-des-evenements/&Annee=2013&Mois=6
[Mon Aug 12 22:26:50.790480 2013] [:error] [pid 57124:tid 1788] [client ::1:61103] script 'D:/user/www/Pont-Pean/plume/sitemap.php' not found or unable to stat
[Mon Aug 12 22:27:36.685442 2013] [:error] [pid 57124:tid 1788] [client ::1:61110] script 'D:/user/www/Pont-Pean/plume/sitemap.php' not found or unable to stat
[Sat Aug 17 15:03:34.135541 2013] [:error] [pid 8880:tid 1836] [client ::1:60273] script 'D:/user/www/Pont-Pean/plume/rssinfo.php' not found or unable to stat, referer: http://localhost:8021/index.php
[Sat Aug 17 16:38:58.907325 2013] [:error] [pid 8880:tid 1868] [client ::1:63284] script 'D:/user/www/Pont-Pean/plume/sitemap.php' not found or unable to stat, referer: http://localhost:8021/?/Vivre/Evenements/
[Sat Aug 17 16:43:21.315486 2013] [:error] [pid 8880:tid 1852] [client ::1:63421] script 'D:/user/www/Pont-Pean/plume/rssinfo.php' not found or unable to stat, referer: http://localhost:8021/index.php
